<?xml version="1.0" encoding="UTF-8"?>
<!-- Generated by org.testng.reporters.JUnitReportReporter -->
<testsuite hostname="Acer-PC" name="cviceni.Ukol2Test" tests="1106" failures="0" timestamp="9 Dec 2014 16:25:42 GMT" time="62.933" errors="2">
  <testcase name="testBuffer" time="0.001" classname="cviceni.Ukol2Test"/>
  <testcase name="testBuilder" time="0.001" classname="cviceni.Ukol2Test"/>
  <testcase name="testBuffer" time="0.003" classname="cviceni.Ukol2Test"/>
  <testcase name="testBuilder" time="0.030" classname="cviceni.Ukol2Test"/>
  <testcase name="testBuilder" time="0.000" classname="cviceni.Ukol2Test"/>
  <testcase name="testBuilder" time="0.001" classname="cviceni.Ukol2Test"/>
  <testcase name="testBuilder" time="3.182" classname="cviceni.Ukol2Test"/>
  <testcase name="testBuilder" time="0.001" classname="cviceni.Ukol2Test"/>
  <testcase name="testBuilder" time="0.001" classname="cviceni.Ukol2Test"/>
  <testcase name="testBuilder" time="0.003" classname="cviceni.Ukol2Test"/>
  <testcase name="testBuilder" time="0.001" classname="cviceni.Ukol2Test"/>
  <testcase name="testBuffer" time="0.039" classname="cviceni.Ukol2Test"/>
  <testcase name="testBuilder" time="0.001" classname="cviceni.Ukol2Test"/>
  <testcase name="testBuffer" time="0.003" classname="cviceni.Ukol2Test"/>
  <testcase name="testBuffer" time="0.005" classname="cviceni.Ukol2Test"/>
  <testcase name="testBuilder" time="0.001" classname="cviceni.Ukol2Test"/>
  <testcase name="testBuilder" time="0.001" classname="cviceni.Ukol2Test"/>
  <testcase name="testBuilder" time="0.000" classname="cviceni.Ukol2Test"/>
  <testcase name="testBuffer" time="0.002" classname="cviceni.Ukol2Test"/>
  <testcase name="testBuilder" time="0.000" classname="cviceni.Ukol2Test"/>
  <testcase name="testBuilder" time="0.001" classname="cviceni.Ukol2Test"/>
  <testcase name="testBuilder" time="0.001" classname="cviceni.Ukol2Test"/>
  <testcase name="testBuilder" time="0.000" classname="cviceni.Ukol2Test"/>
  <testcase name="testBuffer" time="0.089" classname="cviceni.Ukol2Test"/>
  <testcase name="testBuilder" time="0.002" classname="cviceni.Ukol2Test"/>
  <testcase name="testBuilder" time="0.001" classname="cviceni.Ukol2Test"/>
  <testcase name="testBuilder" time="0.001" classname="cviceni.Ukol2Test"/>
  <testcase name="testBuilder" time="0.000" classname="cviceni.Ukol2Test"/>
  <testcase name="testBuilder" time="0.000" classname="cviceni.Ukol2Test"/>
  <testcase name="testBuilder" time="0.001" classname="cviceni.Ukol2Test"/>
  <testcase name="testBuilder" time="0.001" classname="cviceni.Ukol2Test"/>
  <testcase name="testBuilder" time="0.001" classname="cviceni.Ukol2Test"/>
  <testcase name="testBuilder" time="0.009" classname="cviceni.Ukol2Test"/>
  <testcase name="testBuilder" time="0.001" classname="cviceni.Ukol2Test"/>
  <testcase name="testBuilder" time="0.001" classname="cviceni.Ukol2Test"/>
  <testcase name="testBuilder" time="0.001" classname="cviceni.Ukol2Test"/>
  <testcase name="testBuilder" time="0.001" classname="cviceni.Ukol2Test"/>
  <testcase name="testBuilder" time="0.001" classname="cviceni.Ukol2Test"/>
  <testcase name="testBuffer" time="0.001" classname="cviceni.Ukol2Test"/>
  <testcase name="testBuilder" time="0.001" classname="cviceni.Ukol2Test"/>
  <testcase name="testBuilder" time="0.001" classname="cviceni.Ukol2Test"/>
  <testcase name="testBuilder" time="0.001" classname="cviceni.Ukol2Test"/>
  <testcase name="testBuilder" time="0.001" classname="cviceni.Ukol2Test"/>
  <testcase name="testBuffer" time="0.065" classname="cviceni.Ukol2Test"/>
  <testcase name="testBuilder" time="0.002" classname="cviceni.Ukol2Test"/>
  <testcase name="testBuilder" time="0.001" classname="cviceni.Ukol2Test"/>
  <testcase name="testBuilder" time="0.001" classname="cviceni.Ukol2Test"/>
  <testcase name="testBuilder" time="0.001" classname="cviceni.Ukol2Test"/>
  <testcase name="testBuilder" time="4.342" classname="cviceni.Ukol2Test"/>
  <testcase name="testBuilder" time="0.002" classname="cviceni.Ukol2Test"/>
  <testcase name="testBuilder" time="0.000" classname="cviceni.Ukol2Test"/>
  <testcase name="testBuilder" time="0.000" classname="cviceni.Ukol2Test"/>
  <testcase name="testBuilder" time="0.001" classname="cviceni.Ukol2Test"/>
  <testcase name="testBuilder" time="0.003" classname="cviceni.Ukol2Test"/>
  <testcase name="testBuilder" time="0.001" classname="cviceni.Ukol2Test"/>
  <testcase name="testBuilder" time="0.001" classname="cviceni.Ukol2Test"/>
  <testcase name="testBuilder" time="0.003" classname="cviceni.Ukol2Test"/>
  <testcase name="testBuilder" time="0.001" classname="cviceni.Ukol2Test"/>
  <testcase name="testBuilder" time="0.000" classname="cviceni.Ukol2Test"/>
  <testcase name="testBuilder" time="0.001" classname="cviceni.Ukol2Test"/>
  <testcase name="testBuilder" time="0.000" classname="cviceni.Ukol2Test"/>
  <testcase name="testBuilder" time="0.001" classname="cviceni.Ukol2Test"/>
  <testcase name="testBuilder" time="0.001" classname="cviceni.Ukol2Test"/>
  <testcase name="testBuilder" time="0.000" classname="cviceni.Ukol2Test"/>
  <testcase name="testBuilder" time="0.003" classname="cviceni.Ukol2Test"/>
  <testcase name="testBuilder" time="0.003" classname="cviceni.Ukol2Test"/>
  <testcase name="testBuilder" time="0.000" classname="cviceni.Ukol2Test"/>
  <testcase name="testBuffer" time="1.019" classname="cviceni.Ukol2Test"/>
  <testcase name="testBuffer" time="0.338" classname="cviceni.Ukol2Test"/>
  <testcase name="testBuilder" time="0.000" classname="cviceni.Ukol2Test"/>
  <testcase name="testBuilder" time="0.008" classname="cviceni.Ukol2Test"/>
  <testcase name="testBuilder" time="0.001" classname="cviceni.Ukol2Test"/>
  <testcase name="testBuilder" time="0.001" classname="cviceni.Ukol2Test"/>
  <testcase name="testBuilder" time="0.001" classname="cviceni.Ukol2Test"/>
  <testcase name="testBuilder" time="0.002" classname="cviceni.Ukol2Test"/>
  <testcase name="testBuilder" time="0.001" classname="cviceni.Ukol2Test"/>
  <testcase name="testBuilder" time="0.000" classname="cviceni.Ukol2Test"/>
  <testcase name="testBuilder" time="0.001" classname="cviceni.Ukol2Test"/>
  <testcase name="testBuilder" time="0.001" classname="cviceni.Ukol2Test"/>
  <testcase name="testBuilder" time="0.001" classname="cviceni.Ukol2Test"/>
  <testcase name="testBuilder" time="0.001" classname="cviceni.Ukol2Test"/>
  <testcase name="testBuilder" time="0.004" classname="cviceni.Ukol2Test"/>
  <testcase name="testBuilder" time="0.001" classname="cviceni.Ukol2Test"/>
  <testcase name="testBuilder" time="0.000" classname="cviceni.Ukol2Test"/>
  <testcase name="testBuilder" time="0.000" classname="cviceni.Ukol2Test"/>
  <testcase name="testBuilder" time="0.001" classname="cviceni.Ukol2Test"/>
  <testcase name="testBuilder" time="0.003" classname="cviceni.Ukol2Test"/>
  <testcase name="testBuilder" time="0.002" classname="cviceni.Ukol2Test"/>
  <testcase name="testBuilder" time="0.001" classname="cviceni.Ukol2Test"/>
  <testcase name="testBuilder" time="0.001" classname="cviceni.Ukol2Test"/>
  <testcase name="testBuilder" time="0.001" classname="cviceni.Ukol2Test"/>
  <testcase name="testBuilder" time="0.000" classname="cviceni.Ukol2Test"/>
  <testcase name="testBuilder" time="0.000" classname="cviceni.Ukol2Test"/>
  <testcase name="testBuilder" time="0.000" classname="cviceni.Ukol2Test"/>
  <testcase name="testBuilder" time="0.000" classname="cviceni.Ukol2Test"/>
  <testcase name="testBuilder" time="0.000" classname="cviceni.Ukol2Test"/>
  <testcase name="testBuilder" time="0.001" classname="cviceni.Ukol2Test"/>
  <testcase name="testBuilder" time="0.001" classname="cviceni.Ukol2Test"/>
  <testcase name="testBuilder" time="0.000" classname="cviceni.Ukol2Test"/>
  <testcase name="testBuilder" time="0.001" classname="cviceni.Ukol2Test"/>
  <testcase name="testBuffer" time="0.004" classname="cviceni.Ukol2Test"/>
  <testcase name="testBuilder" time="0.001" classname="cviceni.Ukol2Test"/>
  <testcase name="testBuilder" time="0.003" classname="cviceni.Ukol2Test"/>
  <testcase name="testBuilder" time="0.000" classname="cviceni.Ukol2Test"/>
  <testcase name="testBuilder" time="0.000" classname="cviceni.Ukol2Test"/>
  <testcase name="testBuilder" time="0.889" classname="cviceni.Ukol2Test"/>
  <testcase name="testBuilder" time="0.001" classname="cviceni.Ukol2Test"/>
  <testcase name="testBuffer" time="0.003" classname="cviceni.Ukol2Test"/>
  <testcase name="testBuilder" time="0.003" classname="cviceni.Ukol2Test"/>
  <testcase name="testBuilder" time="0.001" classname="cviceni.Ukol2Test"/>
  <testcase name="testBuilder" time="0.001" classname="cviceni.Ukol2Test"/>
  <testcase name="testBuilder" time="0.001" classname="cviceni.Ukol2Test"/>
  <testcase name="testBuilder" time="0.001" classname="cviceni.Ukol2Test"/>
  <testcase name="testBuilder" time="0.000" classname="cviceni.Ukol2Test"/>
  <testcase name="testBuilder" time="0.000" classname="cviceni.Ukol2Test"/>
  <testcase name="testBuffer" time="0.004" classname="cviceni.Ukol2Test"/>
  <testcase name="testBuilder" time="0.000" classname="cviceni.Ukol2Test"/>
  <testcase name="testBuilder" time="0.001" classname="cviceni.Ukol2Test"/>
  <testcase name="testBuilder" time="0.000" classname="cviceni.Ukol2Test"/>
  <testcase name="testBuilder" time="0.001" classname="cviceni.Ukol2Test"/>
  <testcase name="testBuffer" time="0.754" classname="cviceni.Ukol2Test"/>
  <testcase name="testBuilder" time="0.001" classname="cviceni.Ukol2Test"/>
  <testcase name="testBuilder" time="0.002" classname="cviceni.Ukol2Test"/>
  <testcase name="testBuilder" time="0.001" classname="cviceni.Ukol2Test"/>
  <testcase name="testBuilder" time="0.001" classname="cviceni.Ukol2Test"/>
  <testcase name="testBuilder" time="0.160" classname="cviceni.Ukol2Test"/>
  <testcase name="testBuilder" time="0.003" classname="cviceni.Ukol2Test"/>
  <testcase name="testBuilder" time="0.002" classname="cviceni.Ukol2Test"/>
  <testcase name="testBuilder" time="0.003" classname="cviceni.Ukol2Test"/>
  <testcase name="testBuilder" time="0.000" classname="cviceni.Ukol2Test"/>
  <testcase name="testBuilder" time="0.006" classname="cviceni.Ukol2Test"/>
  <testcase name="testBuilder" time="0.001" classname="cviceni.Ukol2Test"/>
  <testcase name="testBuilder" time="0.002" classname="cviceni.Ukol2Test"/>
  <testcase name="testBuilder" time="0.001" classname="cviceni.Ukol2Test"/>
  <testcase name="testBuilder" time="0.057" classname="cviceni.Ukol2Test"/>
  <testcase name="testBuilder" time="0.000" classname="cviceni.Ukol2Test"/>
  <testcase name="testBuffer" time="0.004" classname="cviceni.Ukol2Test"/>
  <testcase name="testBuilder" time="0.000" classname="cviceni.Ukol2Test"/>
  <testcase name="testBuilder" time="0.002" classname="cviceni.Ukol2Test"/>
  <testcase name="testBuffer" time="0.001" classname="cviceni.Ukol2Test"/>
  <testcase name="testBuilder" time="0.002" classname="cviceni.Ukol2Test"/>
  <testcase name="testBuilder" time="0.001" classname="cviceni.Ukol2Test"/>
  <testcase name="testBuilder" time="0.002" classname="cviceni.Ukol2Test"/>
  <testcase name="testBuffer" time="0.002" classname="cviceni.Ukol2Test"/>
  <testcase name="testBuilder" time="0.001" classname="cviceni.Ukol2Test"/>
  <testcase name="testBuilder" time="0.002" classname="cviceni.Ukol2Test"/>
  <testcase name="testBuilder" time="0.001" classname="cviceni.Ukol2Test"/>
  <testcase name="testBuilder" time="0.000" classname="cviceni.Ukol2Test"/>
  <testcase name="testBuilder" time="0.001" classname="cviceni.Ukol2Test"/>
  <testcase name="testBuilder" time="0.001" classname="cviceni.Ukol2Test"/>
  <testcase name="testBuilder" time="0.003" classname="cviceni.Ukol2Test"/>
  <testcase name="testBuilder" time="0.000" classname="cviceni.Ukol2Test"/>
  <testcase name="testBuilder" time="0.001" classname="cviceni.Ukol2Test"/>
  <testcase name="testBuilder" time="0.001" classname="cviceni.Ukol2Test"/>
  <testcase name="testBuilder" time="0.001" classname="cviceni.Ukol2Test"/>
  <testcase name="testBuilder" time="0.000" classname="cviceni.Ukol2Test"/>
  <testcase name="testBuilder" time="0.001" classname="cviceni.Ukol2Test"/>
  <testcase name="testBuilder" time="0.001" classname="cviceni.Ukol2Test"/>
  <testcase name="testBuilder" time="0.000" classname="cviceni.Ukol2Test"/>
  <testcase name="testBuilder" time="0.000" classname="cviceni.Ukol2Test"/>
  <testcase name="testBuffer" time="0.001" classname="cviceni.Ukol2Test"/>
  <testcase name="testBuilder" time="0.001" classname="cviceni.Ukol2Test"/>
  <testcase name="testBuilder" time="0.000" classname="cviceni.Ukol2Test"/>
  <testcase name="testBuilder" time="0.001" classname="cviceni.Ukol2Test"/>
  <testcase name="testBuilder" time="0.163" classname="cviceni.Ukol2Test"/>
  <testcase name="testBuilder" time="0.001" classname="cviceni.Ukol2Test"/>
  <testcase name="testBuilder" time="0.001" classname="cviceni.Ukol2Test"/>
  <testcase name="testBuilder" time="0.001" classname="cviceni.Ukol2Test"/>
  <testcase name="testBuilder" time="0.004" classname="cviceni.Ukol2Test"/>
  <testcase name="testBuilder" time="0.001" classname="cviceni.Ukol2Test"/>
  <testcase name="testBuilder" time="0.000" classname="cviceni.Ukol2Test"/>
  <testcase name="testBuilder" time="0.001" classname="cviceni.Ukol2Test"/>
  <testcase name="testBuilder" time="0.003" classname="cviceni.Ukol2Test"/>
  <testcase name="testBuilder" time="0.001" classname="cviceni.Ukol2Test"/>
  <testcase name="testBuilder" time="0.001" classname="cviceni.Ukol2Test"/>
  <testcase name="testBuilder" time="0.001" classname="cviceni.Ukol2Test"/>
  <testcase name="testBuffer" time="0.001" classname="cviceni.Ukol2Test"/>
  <testcase name="testBuilder" time="0.001" classname="cviceni.Ukol2Test"/>
  <testcase name="testBuilder" time="0.001" classname="cviceni.Ukol2Test"/>
  <testcase name="testBuilder" time="0.001" classname="cviceni.Ukol2Test"/>
  <testcase name="testBuilder" time="0.001" classname="cviceni.Ukol2Test"/>
  <testcase name="testBuilder" time="0.005" classname="cviceni.Ukol2Test"/>
  <testcase name="testBuilder" time="0.089" classname="cviceni.Ukol2Test"/>
  <testcase name="testBuffer" time="0.001" classname="cviceni.Ukol2Test"/>
  <testcase name="testBuilder" time="0.000" classname="cviceni.Ukol2Test"/>
  <testcase name="testBuffer" time="0.003" classname="cviceni.Ukol2Test"/>
  <testcase name="testBuilder" time="0.001" classname="cviceni.Ukol2Test"/>
  <testcase name="testBuilder" time="0.000" classname="cviceni.Ukol2Test"/>
  <testcase name="testBuilder" time="3.013" classname="cviceni.Ukol2Test"/>
  <testcase name="testBuilder" time="0.000" classname="cviceni.Ukol2Test"/>
  <testcase name="testBuilder" time="4.618" classname="cviceni.Ukol2Test"/>
  <testcase name="testBuffer" time="0.001" classname="cviceni.Ukol2Test"/>
  <testcase name="testBuilder" time="0.000" classname="cviceni.Ukol2Test"/>
  <testcase name="testBuffer" time="0.001" classname="cviceni.Ukol2Test"/>
  <testcase name="testBuilder" time="0.001" classname="cviceni.Ukol2Test"/>
  <testcase name="testBuilder" time="0.001" classname="cviceni.Ukol2Test"/>
  <testcase name="testBuilder" time="0.000" classname="cviceni.Ukol2Test"/>
  <testcase name="testBuilder" time="0.000" classname="cviceni.Ukol2Test"/>
  <testcase name="testBuilder" time="0.001" classname="cviceni.Ukol2Test"/>
  <testcase name="testBuilder" time="0.001" classname="cviceni.Ukol2Test"/>
  <testcase name="testBuilder" time="0.000" classname="cviceni.Ukol2Test"/>
  <testcase name="testBuilder" time="0.001" classname="cviceni.Ukol2Test"/>
  <testcase name="testBuilder" time="0.123" classname="cviceni.Ukol2Test"/>
  <testcase name="testBuilder" time="0.001" classname="cviceni.Ukol2Test"/>
  <testcase name="testBuffer" time="0.004" classname="cviceni.Ukol2Test"/>
  <testcase name="testBuilder" time="0.001" classname="cviceni.Ukol2Test"/>
  <testcase name="testBuilder" time="0.002" classname="cviceni.Ukol2Test"/>
  <testcase name="testBuilder" time="0.001" classname="cviceni.Ukol2Test"/>
  <testcase name="testBuilder" time="0.000" classname="cviceni.Ukol2Test"/>
  <testcase name="testBuilder" time="0.036" classname="cviceni.Ukol2Test"/>
  <testcase name="testBuilder" time="0.001" classname="cviceni.Ukol2Test"/>
  <testcase name="testBuilder" time="0.000" classname="cviceni.Ukol2Test"/>
  <testcase name="testBuilder" time="0.001" classname="cviceni.Ukol2Test"/>
  <testcase name="testBuilder" time="0.000" classname="cviceni.Ukol2Test"/>
  <testcase name="testBuilder" time="0.000" classname="cviceni.Ukol2Test"/>
  <testcase name="testBuilder" time="0.001" classname="cviceni.Ukol2Test"/>
  <testcase name="testBuilder" time="0.000" classname="cviceni.Ukol2Test"/>
  <testcase name="testBuilder" time="0.001" classname="cviceni.Ukol2Test"/>
  <testcase name="testBuilder" time="0.000" classname="cviceni.Ukol2Test"/>
  <testcase name="testBuilder" time="0.001" classname="cviceni.Ukol2Test"/>
  <testcase name="testBuffer" time="0.001" classname="cviceni.Ukol2Test"/>
  <testcase name="testBuilder" time="0.001" classname="cviceni.Ukol2Test"/>
  <testcase name="testKrat" time="0.049" classname="cviceni.Ukol2Test"/>
  <testcase name="testBuilder" time="0.003" classname="cviceni.Ukol2Test"/>
  <testcase name="testBuilder" time="0.001" classname="cviceni.Ukol2Test"/>
  <testcase name="testBuilder" time="0.030" classname="cviceni.Ukol2Test"/>
  <testcase name="testBuilder" time="0.006" classname="cviceni.Ukol2Test"/>
  <testcase name="testBuilder" time="0.001" classname="cviceni.Ukol2Test"/>
  <testcase name="testBuilder" time="0.001" classname="cviceni.Ukol2Test"/>
  <testcase name="testBuilder" time="0.001" classname="cviceni.Ukol2Test"/>
  <testcase name="testBuilder" time="0.000" classname="cviceni.Ukol2Test"/>
  <testcase name="testBuilder" time="0.003" classname="cviceni.Ukol2Test"/>
  <testcase name="testBuilder" time="0.001" classname="cviceni.Ukol2Test"/>
  <testcase name="testBuilder" time="0.001" classname="cviceni.Ukol2Test"/>
  <testcase name="testBuilder" time="0.000" classname="cviceni.Ukol2Test"/>
  <testcase name="testBuilder" time="0.001" classname="cviceni.Ukol2Test"/>
  <testcase name="testBuffer" time="0.040" classname="cviceni.Ukol2Test"/>
  <testcase name="testBuilder" time="0.000" classname="cviceni.Ukol2Test"/>
  <testcase name="testBuilder" time="0.000" classname="cviceni.Ukol2Test"/>
  <testcase name="testBuilder" time="0.003" classname="cviceni.Ukol2Test"/>
  <testcase name="testBuilder" time="0.001" classname="cviceni.Ukol2Test"/>
  <testcase name="testBuilder" time="0.001" classname="cviceni.Ukol2Test"/>
  <testcase name="testBuilder" time="0.000" classname="cviceni.Ukol2Test"/>
  <testcase name="testBuilder" time="0.001" classname="cviceni.Ukol2Test"/>
  <testcase name="testBuilder" time="0.001" classname="cviceni.Ukol2Test"/>
  <testcase name="testBuilder" time="0.002" classname="cviceni.Ukol2Test"/>
  <testcase name="testBuilder" time="0.003" classname="cviceni.Ukol2Test"/>
  <testcase name="testBuilder" time="0.001" classname="cviceni.Ukol2Test"/>
  <testcase name="testBuilder" time="0.002" classname="cviceni.Ukol2Test"/>
  <testcase name="testBuilder" time="0.001" classname="cviceni.Ukol2Test"/>
  <testcase name="testBuilder" time="0.001" classname="cviceni.Ukol2Test"/>
  <testcase name="testBuilder" time="0.000" classname="cviceni.Ukol2Test"/>
  <testcase name="testBuilder" time="0.001" classname="cviceni.Ukol2Test"/>
  <testcase name="testBuilder" time="0.000" classname="cviceni.Ukol2Test"/>
  <testcase name="testBuilder" time="0.021" classname="cviceni.Ukol2Test"/>
  <testcase name="testBuilder" time="0.001" classname="cviceni.Ukol2Test"/>
  <testcase name="testBuilder" time="0.001" classname="cviceni.Ukol2Test"/>
  <testcase name="testBuilder" time="0.001" classname="cviceni.Ukol2Test"/>
  <testcase name="testBuilder" time="0.001" classname="cviceni.Ukol2Test"/>
  <testcase name="testBuilder" time="0.001" classname="cviceni.Ukol2Test"/>
  <testcase name="testBuilder" time="0.001" classname="cviceni.Ukol2Test"/>
  <testcase name="testBuilder" time="0.001" classname="cviceni.Ukol2Test"/>
  <testcase name="testBuilder" time="0.000" classname="cviceni.Ukol2Test"/>
  <testcase name="testBuilder" time="0.000" classname="cviceni.Ukol2Test"/>
  <testcase name="testBuilder" time="0.001" classname="cviceni.Ukol2Test"/>
  <testcase name="testBuilder" time="0.006" classname="cviceni.Ukol2Test"/>
  <testcase name="testBuilder" time="0.000" classname="cviceni.Ukol2Test"/>
  <testcase name="testBuffer" time="0.001" classname="cviceni.Ukol2Test"/>
  <testcase name="testBuilder" time="0.001" classname="cviceni.Ukol2Test"/>
  <testcase name="testBuilder" time="0.000" classname="cviceni.Ukol2Test"/>
  <testcase name="testBuilder" time="0.001" classname="cviceni.Ukol2Test"/>
  <testcase name="testBuilder" time="0.001" classname="cviceni.Ukol2Test"/>
  <testcase name="testBuilder" time="0.002" classname="cviceni.Ukol2Test"/>
  <testcase name="testBuilder" time="0.001" classname="cviceni.Ukol2Test"/>
  <testcase name="testBuilder" time="0.001" classname="cviceni.Ukol2Test"/>
  <testcase name="testBuilder" time="0.000" classname="cviceni.Ukol2Test"/>
  <testcase name="testBuilder" time="0.001" classname="cviceni.Ukol2Test"/>
  <testcase name="testBuilder" time="0.002" classname="cviceni.Ukol2Test"/>
  <testcase name="testBuffer" time="0.001" classname="cviceni.Ukol2Test"/>
  <testcase name="testBuilder" time="0.001" classname="cviceni.Ukol2Test"/>
  <testcase name="testBuilder" time="0.001" classname="cviceni.Ukol2Test"/>
  <testcase name="testBuilder" time="0.001" classname="cviceni.Ukol2Test"/>
  <testcase name="testBuilder" time="0.001" classname="cviceni.Ukol2Test"/>
  <testcase name="testBuilder" time="0.001" classname="cviceni.Ukol2Test"/>
  <testcase name="testBuilder" time="0.001" classname="cviceni.Ukol2Test"/>
  <testcase name="testBuilder" time="0.002" classname="cviceni.Ukol2Test"/>
  <testcase name="testBuilder" time="0.000" classname="cviceni.Ukol2Test"/>
  <testcase name="testBuilder" time="0.002" classname="cviceni.Ukol2Test"/>
  <testcase name="testBuilder" time="0.001" classname="cviceni.Ukol2Test"/>
  <testcase name="testBuilder" time="0.002" classname="cviceni.Ukol2Test"/>
  <testcase name="testBuffer" time="0.001" classname="cviceni.Ukol2Test"/>
  <testcase name="testBuilder" time="0.001" classname="cviceni.Ukol2Test"/>
  <testcase name="testBuilder" time="0.001" classname="cviceni.Ukol2Test"/>
  <testcase name="testBuilder" time="0.001" classname="cviceni.Ukol2Test"/>
  <testcase name="testBuilder" time="0.039" classname="cviceni.Ukol2Test"/>
  <testcase name="testBuilder" time="0.000" classname="cviceni.Ukol2Test"/>
  <testcase name="testBuffer" time="0.001" classname="cviceni.Ukol2Test"/>
  <testcase name="testBuilder" time="0.001" classname="cviceni.Ukol2Test"/>
  <testcase name="testBuilder" time="0.001" classname="cviceni.Ukol2Test"/>
  <testcase name="testBuffer" time="0.461" classname="cviceni.Ukol2Test"/>
  <testcase name="testBuilder" time="0.001" classname="cviceni.Ukol2Test"/>
  <testcase name="testBuilder" time="0.000" classname="cviceni.Ukol2Test"/>
  <testcase name="testBuilder" time="0.001" classname="cviceni.Ukol2Test"/>
  <testcase name="testBuilder" time="0.000" classname="cviceni.Ukol2Test"/>
  <testcase name="testBuilder" time="0.000" classname="cviceni.Ukol2Test"/>
  <testcase name="testBuilder" time="0.002" classname="cviceni.Ukol2Test"/>
  <testcase name="testBuilder" time="0.002" classname="cviceni.Ukol2Test"/>
  <testcase name="testBuilder" time="0.001" classname="cviceni.Ukol2Test"/>
  <testcase name="testBuffer" time="0.001" classname="cviceni.Ukol2Test"/>
  <testcase name="testBuilder" time="0.003" classname="cviceni.Ukol2Test"/>
  <testcase name="testBuilder" time="0.003" classname="cviceni.Ukol2Test"/>
  <testcase name="testBuilder" time="0.000" classname="cviceni.Ukol2Test"/>
  <testcase name="testBuilder" time="0.003" classname="cviceni.Ukol2Test"/>
  <testcase name="testBuilder" time="0.001" classname="cviceni.Ukol2Test"/>
  <testcase name="testBuilder" time="0.001" classname="cviceni.Ukol2Test"/>
  <testcase name="testBuilder" time="0.003" classname="cviceni.Ukol2Test"/>
  <testcase name="testBuilder" time="0.001" classname="cviceni.Ukol2Test"/>
  <testcase name="testBuilder" time="0.001" classname="cviceni.Ukol2Test"/>
  <testcase name="testBuilder" time="0.000" classname="cviceni.Ukol2Test"/>
  <testcase name="testBuilder" time="0.000" classname="cviceni.Ukol2Test"/>
  <testcase name="testBuilder" time="0.000" classname="cviceni.Ukol2Test"/>
  <testcase name="testBuilder" time="0.002" classname="cviceni.Ukol2Test"/>
  <testcase name="testBuilder" time="0.001" classname="cviceni.Ukol2Test"/>
  <testcase name="testBuilder" time="0.000" classname="cviceni.Ukol2Test"/>
  <testcase name="testBuffer" time="0.001" classname="cviceni.Ukol2Test"/>
  <testcase name="testBuilder" time="0.002" classname="cviceni.Ukol2Test"/>
  <testcase name="testBuilder" time="0.001" classname="cviceni.Ukol2Test"/>
  <testcase name="testBuilder" time="0.001" classname="cviceni.Ukol2Test"/>
  <testcase name="testBuffer" time="0.368" classname="cviceni.Ukol2Test"/>
  <testcase name="testBuilder" time="0.001" classname="cviceni.Ukol2Test"/>
  <testcase name="testBuilder" time="0.000" classname="cviceni.Ukol2Test"/>
  <testcase name="testBuffer" time="0.020" classname="cviceni.Ukol2Test"/>
  <testcase name="testBuilder" time="0.001" classname="cviceni.Ukol2Test"/>
  <testcase name="testBuffer" time="0.940" classname="cviceni.Ukol2Test"/>
  <testcase name="testBuilder" time="0.001" classname="cviceni.Ukol2Test"/>
  <testcase name="testBuilder" time="0.002" classname="cviceni.Ukol2Test"/>
  <testcase name="testBuilder" time="0.001" classname="cviceni.Ukol2Test"/>
  <testcase name="testBuilder" time="0.001" classname="cviceni.Ukol2Test"/>
  <testcase name="testBuilder" time="0.001" classname="cviceni.Ukol2Test"/>
  <testcase name="testBuilder" time="0.001" classname="cviceni.Ukol2Test"/>
  <testcase name="testBuilder" time="0.001" classname="cviceni.Ukol2Test"/>
  <testcase name="testBuilder" time="0.001" classname="cviceni.Ukol2Test"/>
  <testcase name="testBuilder" time="0.001" classname="cviceni.Ukol2Test"/>
  <testcase name="testBuffer" time="0.005" classname="cviceni.Ukol2Test"/>
  <testcase name="testBuilder" time="0.001" classname="cviceni.Ukol2Test"/>
  <testcase name="testBuilder" time="0.001" classname="cviceni.Ukol2Test"/>
  <testcase name="testBuilder" time="0.002" classname="cviceni.Ukol2Test"/>
  <testcase name="testBuilder" time="0.001" classname="cviceni.Ukol2Test"/>
  <testcase name="testBuilder" time="0.001" classname="cviceni.Ukol2Test"/>
  <testcase name="testBuilder" time="0.000" classname="cviceni.Ukol2Test"/>
  <testcase name="testBuilder" time="0.000" classname="cviceni.Ukol2Test"/>
  <testcase name="testBuilder" time="0.000" classname="cviceni.Ukol2Test"/>
  <testcase name="testBuilder" time="0.001" classname="cviceni.Ukol2Test"/>
  <testcase name="testBuffer" time="0.001" classname="cviceni.Ukol2Test"/>
  <testcase name="testBuilder" time="0.001" classname="cviceni.Ukol2Test"/>
  <testcase name="testBuilder" time="0.000" classname="cviceni.Ukol2Test"/>
  <testcase name="testBuilder" time="0.001" classname="cviceni.Ukol2Test"/>
  <testcase name="testBuilder" time="0.001" classname="cviceni.Ukol2Test"/>
  <testcase name="testBuilder" time="0.002" classname="cviceni.Ukol2Test"/>
  <testcase name="testBuilder" time="0.001" classname="cviceni.Ukol2Test"/>
  <testcase name="testBuilder" time="0.003" classname="cviceni.Ukol2Test"/>
  <testcase name="testBuilder" time="0.000" classname="cviceni.Ukol2Test"/>
  <testcase name="testBuilder" time="0.000" classname="cviceni.Ukol2Test"/>
  <testcase name="testBuffer" time="0.449" classname="cviceni.Ukol2Test"/>
  <testcase name="testBuilder" time="0.001" classname="cviceni.Ukol2Test"/>
  <testcase name="testBuilder" time="0.001" classname="cviceni.Ukol2Test"/>
  <testcase name="testBuilder" time="0.000" classname="cviceni.Ukol2Test"/>
  <testcase name="testBuffer" time="0.001" classname="cviceni.Ukol2Test"/>
  <testcase name="testBuilder" time="0.000" classname="cviceni.Ukol2Test"/>
  <testcase name="testBuilder" time="0.000" classname="cviceni.Ukol2Test"/>
  <testcase name="testBuilder" time="0.076" classname="cviceni.Ukol2Test"/>
  <testcase name="testBuilder" time="0.000" classname="cviceni.Ukol2Test"/>
  <testcase name="testBuilder" time="0.000" classname="cviceni.Ukol2Test"/>
  <testcase name="testBuilder" time="0.000" classname="cviceni.Ukol2Test"/>
  <testcase name="testBuilder" time="0.001" classname="cviceni.Ukol2Test"/>
  <testcase name="testBuilder" time="0.003" classname="cviceni.Ukol2Test"/>
  <testcase name="testBuilder" time="0.000" classname="cviceni.Ukol2Test"/>
  <testcase name="testBuilder" time="0.001" classname="cviceni.Ukol2Test"/>
  <testcase name="testBuilder" time="0.002" classname="cviceni.Ukol2Test"/>
  <testcase name="testBuilder" time="0.001" classname="cviceni.Ukol2Test"/>
  <testcase name="testBuilder" time="0.001" classname="cviceni.Ukol2Test"/>
  <testcase name="testBuilder" time="0.000" classname="cviceni.Ukol2Test"/>
  <testcase name="testBuilder" time="0.001" classname="cviceni.Ukol2Test"/>
  <testcase name="testBuffer" time="0.001" classname="cviceni.Ukol2Test"/>
  <testcase name="testBuilder" time="0.001" classname="cviceni.Ukol2Test"/>
  <testcase name="testBuilder" time="5.717" classname="cviceni.Ukol2Test"/>
  <testcase name="testBuffer" time="0.002" classname="cviceni.Ukol2Test"/>
  <testcase name="testBuilder" time="0.000" classname="cviceni.Ukol2Test"/>
  <testcase name="testBuilder" time="0.003" classname="cviceni.Ukol2Test"/>
  <testcase name="testBuilder" time="0.001" classname="cviceni.Ukol2Test"/>
  <testcase name="testBuffer" time="0.001" classname="cviceni.Ukol2Test"/>
  <testcase name="testBuilder" time="0.003" classname="cviceni.Ukol2Test"/>
  <testcase name="testBuilder" time="0.000" classname="cviceni.Ukol2Test"/>
  <testcase name="testBuilder" time="0.001" classname="cviceni.Ukol2Test"/>
  <testcase name="testBuilder" time="0.001" classname="cviceni.Ukol2Test"/>
  <testcase name="testBuilder" time="0.001" classname="cviceni.Ukol2Test"/>
  <testcase name="testBuilder" time="0.235" classname="cviceni.Ukol2Test"/>
  <testcase name="testBuilder" time="0.001" classname="cviceni.Ukol2Test"/>
  <testcase name="testBuilder" time="0.002" classname="cviceni.Ukol2Test"/>
  <testcase name="testBuilder" time="0.001" classname="cviceni.Ukol2Test"/>
  <testcase name="testBuilder" time="0.001" classname="cviceni.Ukol2Test"/>
  <testcase name="testBuffer" time="0.001" classname="cviceni.Ukol2Test"/>
  <testcase name="testBuilder" time="0.001" classname="cviceni.Ukol2Test"/>
  <testcase name="testBuilder" time="0.000" classname="cviceni.Ukol2Test"/>
  <testcase name="testBuilder" time="0.001" classname="cviceni.Ukol2Test"/>
  <testcase name="testBuilder" time="0.003" classname="cviceni.Ukol2Test"/>
  <testcase name="testBuilder" time="0.000" classname="cviceni.Ukol2Test"/>
  <testcase name="testBuilder" time="0.000" classname="cviceni.Ukol2Test"/>
  <testcase name="testBuilder" time="0.000" classname="cviceni.Ukol2Test"/>
  <testcase name="testBuilder" time="0.001" classname="cviceni.Ukol2Test"/>
  <testcase name="testBuilder" time="0.001" classname="cviceni.Ukol2Test"/>
  <testcase name="testBuilder" time="0.000" classname="cviceni.Ukol2Test"/>
  <testcase name="testBuilder" time="0.000" classname="cviceni.Ukol2Test"/>
  <testcase name="testBuffer" time="0.001" classname="cviceni.Ukol2Test"/>
  <testcase name="testBuilder" time="0.000" classname="cviceni.Ukol2Test"/>
  <testcase name="testBuilder" time="0.001" classname="cviceni.Ukol2Test"/>
  <testcase name="testBuilder" time="0.001" classname="cviceni.Ukol2Test"/>
  <testcase name="testBuilder" time="0.000" classname="cviceni.Ukol2Test"/>
  <testcase name="testBuilder" time="0.001" classname="cviceni.Ukol2Test"/>
  <testcase name="testBuilder" time="0.001" classname="cviceni.Ukol2Test"/>
  <testcase name="testBuilder" time="0.000" classname="cviceni.Ukol2Test"/>
  <testcase name="testBuilder" time="0.001" classname="cviceni.Ukol2Test"/>
  <testcase name="testBuilder" time="0.001" classname="cviceni.Ukol2Test"/>
  <testcase name="testBuilder" time="0.000" classname="cviceni.Ukol2Test"/>
  <testcase name="testBuilder" time="0.001" classname="cviceni.Ukol2Test"/>
  <testcase name="testBuilder" time="0.001" classname="cviceni.Ukol2Test"/>
  <testcase name="testBuilder" time="0.000" classname="cviceni.Ukol2Test"/>
  <testcase name="testBuilder" time="0.001" classname="cviceni.Ukol2Test"/>
  <testcase name="testBuilder" time="0.003" classname="cviceni.Ukol2Test"/>
  <testcase name="testBuilder" time="0.001" classname="cviceni.Ukol2Test"/>
  <testcase name="testBuilder" time="0.000" classname="cviceni.Ukol2Test"/>
  <testcase name="testBuilder" time="0.001" classname="cviceni.Ukol2Test"/>
  <testcase name="testBuilder" time="0.001" classname="cviceni.Ukol2Test"/>
  <testcase name="testBuilder" time="0.000" classname="cviceni.Ukol2Test"/>
  <testcase name="testBuilder" time="0.003" classname="cviceni.Ukol2Test"/>
  <testcase name="testBuilder" time="0.001" classname="cviceni.Ukol2Test"/>
  <testcase name="testBuilder" time="0.001" classname="cviceni.Ukol2Test"/>
  <testcase name="testBuilder" time="0.000" classname="cviceni.Ukol2Test"/>
  <testcase name="testBuilder" time="0.003" classname="cviceni.Ukol2Test"/>
  <testcase name="testBuilder" time="0.001" classname="cviceni.Ukol2Test"/>
  <testcase name="testBuilder" time="0.001" classname="cviceni.Ukol2Test"/>
  <testcase name="testBuilder" time="0.001" classname="cviceni.Ukol2Test"/>
  <testcase name="testBuilder" time="0.005" classname="cviceni.Ukol2Test"/>
  <testcase name="testBuilder" time="1.807" classname="cviceni.Ukol2Test"/>
  <testcase name="testBuilder" time="0.001" classname="cviceni.Ukol2Test"/>
  <testcase name="testBuilder" time="0.000" classname="cviceni.Ukol2Test"/>
  <testcase name="testBuilder" time="0.001" classname="cviceni.Ukol2Test"/>
  <testcase name="testBuilder" time="0.000" classname="cviceni.Ukol2Test"/>
  <testcase name="testBuilder" time="0.001" classname="cviceni.Ukol2Test"/>
  <testcase name="testBuilder" time="0.002" classname="cviceni.Ukol2Test"/>
  <testcase name="testBuilder" time="0.002" classname="cviceni.Ukol2Test"/>
  <testcase name="testBuilder" time="0.004" classname="cviceni.Ukol2Test"/>
  <testcase name="testBuilder" time="0.001" classname="cviceni.Ukol2Test"/>
  <testcase name="testBuilder" time="0.001" classname="cviceni.Ukol2Test"/>
  <testcase name="testBuilder" time="0.001" classname="cviceni.Ukol2Test"/>
  <testcase name="testBuilder" time="0.000" classname="cviceni.Ukol2Test"/>
  <testcase name="testBuilder" time="0.001" classname="cviceni.Ukol2Test"/>
  <testcase name="testBuilder" time="0.002" classname="cviceni.Ukol2Test"/>
  <testcase name="testBuilder" time="0.000" classname="cviceni.Ukol2Test"/>
  <testcase name="testBuilder" time="0.001" classname="cviceni.Ukol2Test"/>
  <testcase name="testBuilder" time="0.001" classname="cviceni.Ukol2Test"/>
  <testcase name="testBuilder" time="0.000" classname="cviceni.Ukol2Test"/>
  <testcase name="testBuilder" time="0.001" classname="cviceni.Ukol2Test"/>
  <testcase name="testBuilder" time="0.001" classname="cviceni.Ukol2Test"/>
  <testcase name="testBuffer" time="0.001" classname="cviceni.Ukol2Test"/>
  <testcase name="testBuilder" time="0.001" classname="cviceni.Ukol2Test"/>
  <testcase name="testBuilder" time="0.001" classname="cviceni.Ukol2Test"/>
  <testcase name="testBuilder" time="0.003" classname="cviceni.Ukol2Test"/>
  <testcase name="testBuilder" time="0.001" classname="cviceni.Ukol2Test"/>
  <testcase name="testBuilder" time="0.000" classname="cviceni.Ukol2Test"/>
  <testcase name="testBuilder" time="0.000" classname="cviceni.Ukol2Test"/>
  <testcase name="testBuilder" time="0.001" classname="cviceni.Ukol2Test"/>
  <testcase name="testBuilder" time="0.001" classname="cviceni.Ukol2Test"/>
  <testcase name="testBuilder" time="0.001" classname="cviceni.Ukol2Test"/>
  <testcase name="testBuilder" time="0.003" classname="cviceni.Ukol2Test"/>
  <testcase name="testBuffer" time="0.039" classname="cviceni.Ukol2Test"/>
  <testcase name="testBuilder" time="0.000" classname="cviceni.Ukol2Test"/>
  <testcase name="testBuilder" time="0.001" classname="cviceni.Ukol2Test"/>
  <testcase name="testBuffer" time="0.005" classname="cviceni.Ukol2Test"/>
  <testcase name="testBuffer" time="0.002" classname="cviceni.Ukol2Test"/>
  <testcase name="testBuilder" time="0.000" classname="cviceni.Ukol2Test"/>
  <testcase name="testBuilder" time="0.001" classname="cviceni.Ukol2Test"/>
  <testcase name="testBuilder" time="0.001" classname="cviceni.Ukol2Test"/>
  <testcase name="testBuilder" time="0.044" classname="cviceni.Ukol2Test"/>
  <testcase name="testBuilder" time="0.001" classname="cviceni.Ukol2Test"/>
  <testcase name="testBuilder" time="0.002" classname="cviceni.Ukol2Test"/>
  <testcase name="testBuffer" time="0.001" classname="cviceni.Ukol2Test"/>
  <testcase name="testBuilder" time="0.001" classname="cviceni.Ukol2Test"/>
  <testcase name="testBuilder" time="0.001" classname="cviceni.Ukol2Test"/>
  <testcase name="testBuilder" time="0.001" classname="cviceni.Ukol2Test"/>
  <testcase name="testBuilder" time="0.003" classname="cviceni.Ukol2Test"/>
  <testcase name="testBuilder" time="0.001" classname="cviceni.Ukol2Test"/>
  <testcase name="testBuilder" time="0.136" classname="cviceni.Ukol2Test"/>
  <testcase name="testBuilder" time="0.000" classname="cviceni.Ukol2Test"/>
  <testcase name="testBuffer" time="0.000" classname="cviceni.Ukol2Test"/>
  <testcase name="testBuilder" time="0.000" classname="cviceni.Ukol2Test"/>
  <testcase name="testBuilder" time="0.000" classname="cviceni.Ukol2Test"/>
  <testcase name="testBuilder" time="0.002" classname="cviceni.Ukol2Test"/>
  <testcase name="testBuilder" time="0.001" classname="cviceni.Ukol2Test"/>
  <testcase name="testBuffer" time="0.003" classname="cviceni.Ukol2Test"/>
  <testcase name="testBuilder" time="2.267" classname="cviceni.Ukol2Test"/>
  <testcase name="testBuilder" time="0.000" classname="cviceni.Ukol2Test"/>
  <testcase name="testBuilder" time="0.000" classname="cviceni.Ukol2Test"/>
  <testcase name="testBuilder" time="0.001" classname="cviceni.Ukol2Test"/>
  <testcase name="testBuilder" time="0.001" classname="cviceni.Ukol2Test"/>
  <testcase name="testBuffer" time="0.005" classname="cviceni.Ukol2Test"/>
  <testcase name="testBuffer" time="0.002" classname="cviceni.Ukol2Test"/>
  <testcase name="testBuffer" time="0.001" classname="cviceni.Ukol2Test"/>
  <testcase name="testBuilder" time="0.000" classname="cviceni.Ukol2Test"/>
  <testcase name="testBuilder" time="0.001" classname="cviceni.Ukol2Test"/>
  <testcase name="testBuilder" time="0.044" classname="cviceni.Ukol2Test"/>
  <testcase name="testBuilder" time="0.001" classname="cviceni.Ukol2Test"/>
  <testcase name="testBuilder" time="0.008" classname="cviceni.Ukol2Test"/>
  <testcase name="testBuilder" time="0.000" classname="cviceni.Ukol2Test"/>
  <testcase name="testBuilder" time="0.001" classname="cviceni.Ukol2Test"/>
  <testcase name="testBuilder" time="0.001" classname="cviceni.Ukol2Test"/>
  <testcase name="testBuilder" time="0.001" classname="cviceni.Ukol2Test"/>
  <testcase name="testBuilder" time="0.002" classname="cviceni.Ukol2Test"/>
  <testcase name="testBuilder" time="0.000" classname="cviceni.Ukol2Test"/>
  <testcase name="testBuilder" time="0.002" classname="cviceni.Ukol2Test"/>
  <testcase name="testBuilder" time="0.001" classname="cviceni.Ukol2Test"/>
  <testcase name="testBuilder" time="0.001" classname="cviceni.Ukol2Test"/>
  <testcase name="testBuilder" time="0.002" classname="cviceni.Ukol2Test"/>
  <testcase name="testBuilder" time="0.001" classname="cviceni.Ukol2Test"/>
  <testcase name="testBuilder" time="0.001" classname="cviceni.Ukol2Test"/>
  <testcase name="testBuilder" time="0.000" classname="cviceni.Ukol2Test"/>
  <testcase name="testBuilder" time="0.000" classname="cviceni.Ukol2Test"/>
  <testcase name="testBuffer" time="0.001" classname="cviceni.Ukol2Test"/>
  <testcase name="testBuilder" time="0.001" classname="cviceni.Ukol2Test"/>
  <testcase name="testBuilder" time="0.802" classname="cviceni.Ukol2Test"/>
  <testcase name="testBuilder" time="0.001" classname="cviceni.Ukol2Test"/>
  <testcase name="testBuilder" time="0.054" classname="cviceni.Ukol2Test"/>
  <testcase name="testBuilder" time="0.001" classname="cviceni.Ukol2Test"/>
  <testcase name="testBuilder" time="0.001" classname="cviceni.Ukol2Test"/>
  <testcase name="testBuilder" time="0.032" classname="cviceni.Ukol2Test"/>
  <testcase name="testBuilder" time="0.001" classname="cviceni.Ukol2Test"/>
  <testcase name="testBuilder" time="0.002" classname="cviceni.Ukol2Test"/>
  <testcase name="testBuilder" time="0.001" classname="cviceni.Ukol2Test"/>
  <testcase name="testBuilder" time="0.001" classname="cviceni.Ukol2Test"/>
  <testcase name="testBuilder" time="0.000" classname="cviceni.Ukol2Test"/>
  <testcase name="testBuilder" time="0.108" classname="cviceni.Ukol2Test"/>
  <testcase name="testBuilder" time="0.001" classname="cviceni.Ukol2Test"/>
  <testcase name="testBuffer" time="0.001" classname="cviceni.Ukol2Test"/>
  <testcase name="testBuilder" time="0.001" classname="cviceni.Ukol2Test"/>
  <testcase name="testBuilder" time="0.001" classname="cviceni.Ukol2Test"/>
  <testcase name="testBuilder" time="0.087" classname="cviceni.Ukol2Test"/>
  <testcase name="testBuilder" time="0.001" classname="cviceni.Ukol2Test"/>
  <testcase name="testBuilder" time="0.001" classname="cviceni.Ukol2Test"/>
  <testcase name="testBuilder" time="0.001" classname="cviceni.Ukol2Test"/>
  <testcase name="testBuilder" time="0.003" classname="cviceni.Ukol2Test"/>
  <testcase name="testBuffer" time="0.002" classname="cviceni.Ukol2Test"/>
  <testcase name="testBuilder" time="0.001" classname="cviceni.Ukol2Test"/>
  <testcase name="testBuilder" time="0.001" classname="cviceni.Ukol2Test"/>
  <testcase name="testBuilder" time="0.001" classname="cviceni.Ukol2Test"/>
  <testcase name="testBuilder" time="0.001" classname="cviceni.Ukol2Test"/>
  <testcase name="testBuilder" time="0.001" classname="cviceni.Ukol2Test"/>
  <testcase name="testBuilder" time="0.001" classname="cviceni.Ukol2Test"/>
  <testcase name="testBuilder" time="0.000" classname="cviceni.Ukol2Test"/>
  <testcase name="testBuilder" time="0.001" classname="cviceni.Ukol2Test"/>
  <testcase name="testBuilder" time="0.002" classname="cviceni.Ukol2Test"/>
  <testcase name="testBuffer" time="0.381" classname="cviceni.Ukol2Test"/>
  <testcase name="testBuilder" time="0.007" classname="cviceni.Ukol2Test"/>
  <testcase name="testBuilder" time="0.001" classname="cviceni.Ukol2Test"/>
  <testcase name="testBuilder" time="0.001" classname="cviceni.Ukol2Test"/>
  <testcase name="testBuilder" time="0.144" classname="cviceni.Ukol2Test"/>
  <testcase name="testBuilder" time="0.001" classname="cviceni.Ukol2Test"/>
  <testcase name="testBuilder" time="0.235" classname="cviceni.Ukol2Test"/>
  <testcase name="testBuilder" time="0.001" classname="cviceni.Ukol2Test"/>
  <testcase name="testBuilder" time="0.000" classname="cviceni.Ukol2Test"/>
  <testcase name="testBuilder" time="0.000" classname="cviceni.Ukol2Test"/>
  <testcase name="testBuilder" time="0.036" classname="cviceni.Ukol2Test"/>
  <testcase name="testBuilder" time="0.000" classname="cviceni.Ukol2Test"/>
  <testcase name="testBuilder" time="0.001" classname="cviceni.Ukol2Test"/>
  <testcase name="testBuffer" time="0.213" classname="cviceni.Ukol2Test"/>
  <testcase name="testBuilder" time="0.001" classname="cviceni.Ukol2Test"/>
  <testcase name="testBuilder" time="0.004" classname="cviceni.Ukol2Test"/>
  <testcase name="testBuilder" time="0.001" classname="cviceni.Ukol2Test"/>
  <testcase name="testBuilder" time="0.001" classname="cviceni.Ukol2Test"/>
  <testcase name="testBuilder" time="0.000" classname="cviceni.Ukol2Test"/>
  <testcase name="testBuilder" time="0.000" classname="cviceni.Ukol2Test"/>
  <testcase name="testBuilder" time="0.001" classname="cviceni.Ukol2Test"/>
  <testcase name="testBuilder" time="0.000" classname="cviceni.Ukol2Test"/>
  <testcase name="testBuilder" time="0.003" classname="cviceni.Ukol2Test"/>
  <testcase name="testBuilder" time="0.001" classname="cviceni.Ukol2Test"/>
  <testcase name="testBuilder" time="0.001" classname="cviceni.Ukol2Test"/>
  <testcase name="testBuilder" time="0.001" classname="cviceni.Ukol2Test"/>
  <testcase name="testBuilder" time="0.001" classname="cviceni.Ukol2Test"/>
  <testcase name="testBuilder" time="0.001" classname="cviceni.Ukol2Test"/>
  <testcase name="testBuilder" time="0.001" classname="cviceni.Ukol2Test"/>
  <testcase name="testBuilder" time="0.001" classname="cviceni.Ukol2Test"/>
  <testcase name="testBuilder" time="0.001" classname="cviceni.Ukol2Test"/>
  <testcase name="testBuilder" time="0.532" classname="cviceni.Ukol2Test"/>
  <testcase name="testBuilder" time="0.064" classname="cviceni.Ukol2Test"/>
  <testcase name="testBuilder" time="0.001" classname="cviceni.Ukol2Test"/>
  <testcase name="testBuilder" time="0.001" classname="cviceni.Ukol2Test"/>
  <testcase name="testBuilder" time="0.001" classname="cviceni.Ukol2Test"/>
  <testcase name="testBuilder" time="0.000" classname="cviceni.Ukol2Test"/>
  <testcase name="testBuilder" time="0.000" classname="cviceni.Ukol2Test"/>
  <testcase name="testBuilder" time="0.001" classname="cviceni.Ukol2Test"/>
  <testcase name="testBuffer" time="0.481" classname="cviceni.Ukol2Test"/>
  <testcase name="testBuilder" time="0.062" classname="cviceni.Ukol2Test"/>
  <testcase name="testBuilder" time="1.341" classname="cviceni.Ukol2Test"/>
  <testcase name="testBuilder" time="0.001" classname="cviceni.Ukol2Test"/>
  <testcase name="testBuilder" time="0.001" classname="cviceni.Ukol2Test"/>
  <testcase name="testBuffer" time="0.007" classname="cviceni.Ukol2Test"/>
  <testcase name="testBuilder" time="0.001" classname="cviceni.Ukol2Test"/>
  <testcase name="testBuilder" time="0.003" classname="cviceni.Ukol2Test"/>
  <testcase name="testBuilder" time="0.001" classname="cviceni.Ukol2Test"/>
  <testcase name="testBuilder" time="0.000" classname="cviceni.Ukol2Test"/>
  <testcase name="testBuilder" time="0.001" classname="cviceni.Ukol2Test"/>
  <testcase name="testBuilder" time="0.001" classname="cviceni.Ukol2Test"/>
  <testcase name="testBuilder" time="0.000" classname="cviceni.Ukol2Test"/>
  <testcase name="testBuilder" time="0.001" classname="cviceni.Ukol2Test"/>
  <testcase name="testBuilder" time="0.000" classname="cviceni.Ukol2Test"/>
  <testcase name="testBuilder" time="0.098" classname="cviceni.Ukol2Test"/>
  <testcase name="testBuilder" time="0.001" classname="cviceni.Ukol2Test"/>
  <testcase name="testBuilder" time="0.000" classname="cviceni.Ukol2Test"/>
  <testcase name="testBuilder" time="0.001" classname="cviceni.Ukol2Test"/>
  <testcase name="testBuilder" time="0.000" classname="cviceni.Ukol2Test"/>
  <testcase name="testBuilder" time="0.001" classname="cviceni.Ukol2Test"/>
  <testcase name="testBuilder" time="0.002" classname="cviceni.Ukol2Test"/>
  <testcase name="testBuilder" time="0.001" classname="cviceni.Ukol2Test"/>
  <testcase name="testBuilder" time="0.003" classname="cviceni.Ukol2Test"/>
  <testcase name="testBuilder" time="0.003" classname="cviceni.Ukol2Test"/>
  <testcase name="testBuilder" time="0.001" classname="cviceni.Ukol2Test"/>
  <testcase name="testBuilder" time="0.001" classname="cviceni.Ukol2Test"/>
  <testcase name="testBuilder" time="0.001" classname="cviceni.Ukol2Test"/>
  <testcase name="testBuilder" time="0.002" classname="cviceni.Ukol2Test"/>
  <testcase name="testBuilder" time="0.001" classname="cviceni.Ukol2Test"/>
  <testcase name="testBuilder" time="0.001" classname="cviceni.Ukol2Test"/>
  <testcase name="testBuilder" time="0.003" classname="cviceni.Ukol2Test"/>
  <testcase name="testBuilder" time="0.001" classname="cviceni.Ukol2Test"/>
  <testcase name="testBuilder" time="0.000" classname="cviceni.Ukol2Test"/>
  <testcase name="testBuilder" time="0.002" classname="cviceni.Ukol2Test"/>
  <testcase name="testBuilder" time="0.001" classname="cviceni.Ukol2Test"/>
  <testcase name="testBuilder" time="0.001" classname="cviceni.Ukol2Test"/>
  <testcase name="testBuilder" time="0.002" classname="cviceni.Ukol2Test"/>
  <testcase name="testBuilder" time="0.000" classname="cviceni.Ukol2Test"/>
  <testcase name="testBuilder" time="0.000" classname="cviceni.Ukol2Test"/>
  <testcase name="testBuilder" time="0.000" classname="cviceni.Ukol2Test"/>
  <testcase name="testBuffer" time="0.002" classname="cviceni.Ukol2Test"/>
  <testcase name="testBuilder" time="0.000" classname="cviceni.Ukol2Test"/>
  <testcase name="testBuilder" time="0.001" classname="cviceni.Ukol2Test"/>
  <testcase name="testBuffer" time="0.012" classname="cviceni.Ukol2Test"/>
  <testcase name="testBuilder" time="0.001" classname="cviceni.Ukol2Test"/>
  <testcase name="testBuilder" time="0.001" classname="cviceni.Ukol2Test"/>
  <testcase name="testBuilder" time="2.746" classname="cviceni.Ukol2Test"/>
  <testcase name="testBuilder" time="0.003" classname="cviceni.Ukol2Test"/>
  <testcase name="testBuilder" time="0.001" classname="cviceni.Ukol2Test"/>
  <testcase name="testBuilder" time="0.001" classname="cviceni.Ukol2Test"/>
  <testcase name="testBuilder" time="0.001" classname="cviceni.Ukol2Test"/>
  <testcase name="testBuilder" time="0.001" classname="cviceni.Ukol2Test"/>
  <testcase name="testBuilder" time="0.002" classname="cviceni.Ukol2Test"/>
  <testcase name="testBuilder" time="0.000" classname="cviceni.Ukol2Test"/>
  <testcase name="testBuilder" time="0.001" classname="cviceni.Ukol2Test"/>
  <testcase name="testBuilder" time="0.000" classname="cviceni.Ukol2Test"/>
  <testcase name="testBuilder" time="0.000" classname="cviceni.Ukol2Test"/>
  <testcase name="testBuilder" time="0.000" classname="cviceni.Ukol2Test"/>
  <testcase name="testBuilder" time="0.001" classname="cviceni.Ukol2Test"/>
  <testcase name="testBuilder" time="0.001" classname="cviceni.Ukol2Test"/>
  <testcase name="testBuilder" time="0.003" classname="cviceni.Ukol2Test"/>
  <testcase name="testBuilder" time="0.001" classname="cviceni.Ukol2Test"/>
  <testcase name="testBuilder" time="0.000" classname="cviceni.Ukol2Test"/>
  <testcase name="testBuilder" time="0.029" classname="cviceni.Ukol2Test"/>
  <testcase name="testBuilder" time="0.001" classname="cviceni.Ukol2Test"/>
  <testcase name="testBuilder" time="0.402" classname="cviceni.Ukol2Test"/>
  <testcase name="testBuilder" time="0.001" classname="cviceni.Ukol2Test"/>
  <testcase name="testBuilder" time="0.001" classname="cviceni.Ukol2Test"/>
  <testcase name="testBuilder" time="0.000" classname="cviceni.Ukol2Test"/>
  <testcase name="testBuilder" time="0.526" classname="cviceni.Ukol2Test"/>
  <testcase name="testBuilder" time="0.001" classname="cviceni.Ukol2Test"/>
  <testcase name="testBuffer" time="0.001" classname="cviceni.Ukol2Test"/>
  <testcase name="testBuilder" time="0.005" classname="cviceni.Ukol2Test"/>
  <testcase name="testBuilder" time="0.000" classname="cviceni.Ukol2Test"/>
  <testcase name="testBuilder" time="0.001" classname="cviceni.Ukol2Test"/>
  <testcase name="testBuilder" time="0.001" classname="cviceni.Ukol2Test"/>
  <testcase name="testBuffer" time="0.001" classname="cviceni.Ukol2Test"/>
  <testcase name="testBuilder" time="0.001" classname="cviceni.Ukol2Test"/>
  <testcase name="testBuilder" time="0.001" classname="cviceni.Ukol2Test"/>
  <testcase name="testBuffer" time="0.004" classname="cviceni.Ukol2Test"/>
  <testcase name="testBuilder" time="0.001" classname="cviceni.Ukol2Test"/>
  <testcase name="testBuilder" time="0.003" classname="cviceni.Ukol2Test"/>
  <testcase name="testBuilder" time="0.001" classname="cviceni.Ukol2Test"/>
  <testcase name="testBuilder" time="0.003" classname="cviceni.Ukol2Test"/>
  <testcase name="testBuilder" time="0.001" classname="cviceni.Ukol2Test"/>
  <testcase name="testBuilder" time="0.001" classname="cviceni.Ukol2Test"/>
  <testcase name="testBuffer" time="0.004" classname="cviceni.Ukol2Test"/>
  <testcase name="testBuilder" time="0.004" classname="cviceni.Ukol2Test"/>
  <testcase name="testBuilder" time="0.000" classname="cviceni.Ukol2Test"/>
  <testcase name="testBuilder" time="0.000" classname="cviceni.Ukol2Test"/>
  <testcase name="testBuilder" time="0.001" classname="cviceni.Ukol2Test"/>
  <testcase name="testBuilder" time="0.001" classname="cviceni.Ukol2Test"/>
  <testcase name="testBuilder" time="0.000" classname="cviceni.Ukol2Test"/>
  <testcase name="testBuilder" time="0.000" classname="cviceni.Ukol2Test"/>
  <testcase name="testBuffer" time="0.001" classname="cviceni.Ukol2Test"/>
  <testcase name="testBuilder" time="0.001" classname="cviceni.Ukol2Test"/>
  <testcase name="testBuffer" time="0.001" classname="cviceni.Ukol2Test"/>
  <testcase name="testBuilder" time="0.001" classname="cviceni.Ukol2Test"/>
  <testcase name="testBuffer" time="0.001" classname="cviceni.Ukol2Test"/>
  <testcase name="testBuilder" time="0.001" classname="cviceni.Ukol2Test"/>
  <testcase name="testBuilder" time="0.002" classname="cviceni.Ukol2Test"/>
  <testcase name="testBuilder" time="0.000" classname="cviceni.Ukol2Test"/>
  <testcase name="testBuilder" time="0.000" classname="cviceni.Ukol2Test"/>
  <testcase name="testBuilder" time="0.000" classname="cviceni.Ukol2Test"/>
  <testcase name="testBuilder" time="0.000" classname="cviceni.Ukol2Test"/>
  <testcase name="testBuilder" time="0.003" classname="cviceni.Ukol2Test"/>
  <testcase name="testBuilder" time="0.001" classname="cviceni.Ukol2Test"/>
  <testcase name="testBuilder" time="0.001" classname="cviceni.Ukol2Test"/>
  <testcase name="testBuilder" time="0.001" classname="cviceni.Ukol2Test"/>
  <testcase name="testBuilder" time="0.002" classname="cviceni.Ukol2Test"/>
  <testcase name="testBuilder" time="0.002" classname="cviceni.Ukol2Test"/>
  <testcase name="testBuilder" time="0.001" classname="cviceni.Ukol2Test"/>
  <testcase name="testBuilder" time="0.001" classname="cviceni.Ukol2Test"/>
  <testcase name="testBuilder" time="3.928" classname="cviceni.Ukol2Test"/>
  <testcase name="testBuffer" time="0.001" classname="cviceni.Ukol2Test"/>
  <testcase name="testBuilder" time="0.000" classname="cviceni.Ukol2Test"/>
  <testcase name="testBuilder" time="0.001" classname="cviceni.Ukol2Test"/>
  <testcase name="testBuilder" time="0.001" classname="cviceni.Ukol2Test"/>
  <testcase name="testBuilder" time="0.001" classname="cviceni.Ukol2Test"/>
  <testcase name="testBuffer" time="1.042" classname="cviceni.Ukol2Test"/>
  <testcase name="testBuilder" time="0.000" classname="cviceni.Ukol2Test"/>
  <testcase name="testBuilder" time="0.001" classname="cviceni.Ukol2Test"/>
  <testcase name="testBuilder" time="0.001" classname="cviceni.Ukol2Test"/>
  <testcase name="testBuilder" time="0.000" classname="cviceni.Ukol2Test"/>
  <testcase name="testBuilder" time="0.000" classname="cviceni.Ukol2Test"/>
  <testcase name="testBuilder" time="0.001" classname="cviceni.Ukol2Test"/>
  <testcase name="testBuilder" time="0.003" classname="cviceni.Ukol2Test"/>
  <testcase name="testBuilder" time="0.000" classname="cviceni.Ukol2Test"/>
  <testcase name="testBuilder" time="0.001" classname="cviceni.Ukol2Test"/>
  <testcase name="testBuilder" time="0.000" classname="cviceni.Ukol2Test"/>
  <testcase name="testBuffer" time="0.023" classname="cviceni.Ukol2Test"/>
  <testcase name="testBuilder" time="0.000" classname="cviceni.Ukol2Test"/>
  <testcase name="testBuilder" time="0.001" classname="cviceni.Ukol2Test"/>
  <testcase name="testBuilder" time="0.001" classname="cviceni.Ukol2Test"/>
  <testcase name="testBuilder" time="0.003" classname="cviceni.Ukol2Test"/>
  <testcase name="testBuilder" time="0.001" classname="cviceni.Ukol2Test"/>
  <testcase name="testBuilder" time="0.001" classname="cviceni.Ukol2Test"/>
  <testcase name="testKrat" time="0.238" classname="cviceni.Ukol2Test"/>
  <testcase name="testBuilder" time="0.001" classname="cviceni.Ukol2Test"/>
  <testcase name="testBuilder" time="0.002" classname="cviceni.Ukol2Test"/>
  <testcase name="testBuilder" time="0.001" classname="cviceni.Ukol2Test"/>
  <testcase name="testBuilder" time="0.001" classname="cviceni.Ukol2Test"/>
  <testcase name="testBuilder" time="0.001" classname="cviceni.Ukol2Test"/>
  <testcase name="testBuilder" time="0.001" classname="cviceni.Ukol2Test"/>
  <testcase name="testBuilder" time="0.001" classname="cviceni.Ukol2Test"/>
  <testcase name="testBuilder" time="0.000" classname="cviceni.Ukol2Test"/>
  <testcase name="testBuilder" time="0.001" classname="cviceni.Ukol2Test"/>
  <testcase name="testBuilder" time="0.001" classname="cviceni.Ukol2Test"/>
  <testcase name="testBuilder" time="0.001" classname="cviceni.Ukol2Test"/>
  <testcase name="testBuilder" time="0.003" classname="cviceni.Ukol2Test"/>
  <testcase name="testBuilder" time="0.001" classname="cviceni.Ukol2Test"/>
  <testcase name="testBuilder" time="0.000" classname="cviceni.Ukol2Test"/>
  <testcase name="testBuilder" time="0.000" classname="cviceni.Ukol2Test"/>
  <testcase name="testBuilder" time="0.001" classname="cviceni.Ukol2Test"/>
  <testcase name="testBuilder" time="0.002" classname="cviceni.Ukol2Test"/>
  <testcase name="testBuilder" time="0.000" classname="cviceni.Ukol2Test"/>
  <testcase name="testBuilder" time="0.001" classname="cviceni.Ukol2Test"/>
  <testcase name="testBuilder" time="0.000" classname="cviceni.Ukol2Test"/>
  <testcase name="testBuilder" time="0.006" classname="cviceni.Ukol2Test"/>
  <testcase name="testBuilder" time="0.001" classname="cviceni.Ukol2Test"/>
  <testcase name="testBuilder" time="0.001" classname="cviceni.Ukol2Test"/>
  <testcase name="testBuilder" time="0.001" classname="cviceni.Ukol2Test"/>
  <testcase name="testBuilder" time="0.000" classname="cviceni.Ukol2Test"/>
  <testcase name="testBuilder" time="0.000" classname="cviceni.Ukol2Test"/>
  <testcase name="testBuilder" time="0.001" classname="cviceni.Ukol2Test"/>
  <testcase name="testBuffer" time="0.001" classname="cviceni.Ukol2Test"/>
  <testcase name="testBuilder" time="0.048" classname="cviceni.Ukol2Test"/>
  <testcase name="testBuilder" time="0.004" classname="cviceni.Ukol2Test"/>
  <testcase name="testBuilder" time="0.001" classname="cviceni.Ukol2Test"/>
  <testcase name="testBuilder" time="0.004" classname="cviceni.Ukol2Test"/>
  <testcase name="testBuilder" time="0.001" classname="cviceni.Ukol2Test"/>
  <testcase name="testBuilder" time="0.001" classname="cviceni.Ukol2Test"/>
  <testcase name="testBuilder" time="0.001" classname="cviceni.Ukol2Test"/>
  <testcase name="testBuilder" time="0.002" classname="cviceni.Ukol2Test"/>
  <testcase name="testBuilder" time="0.001" classname="cviceni.Ukol2Test"/>
  <testcase name="testBuilder" time="0.285" classname="cviceni.Ukol2Test"/>
  <testcase name="testBuffer" time="0.001" classname="cviceni.Ukol2Test"/>
  <testcase name="testBuilder" time="0.001" classname="cviceni.Ukol2Test"/>
  <testcase name="testBuilder" time="0.001" classname="cviceni.Ukol2Test"/>
  <testcase name="testBuilder" time="0.001" classname="cviceni.Ukol2Test"/>
  <testcase name="testBuilder" time="0.002" classname="cviceni.Ukol2Test"/>
  <testcase name="testBuilder" time="0.001" classname="cviceni.Ukol2Test"/>
  <testcase name="testBuilder" time="0.003" classname="cviceni.Ukol2Test"/>
  <testcase name="testBuffer" time="0.036" classname="cviceni.Ukol2Test"/>
  <testcase name="testBuilder" time="0.000" classname="cviceni.Ukol2Test"/>
  <testcase name="testBuilder" time="0.001" classname="cviceni.Ukol2Test"/>
  <testcase name="testBuilder" time="0.001" classname="cviceni.Ukol2Test"/>
  <testcase name="testBuilder" time="0.001" classname="cviceni.Ukol2Test"/>
  <testcase name="testBuilder" time="0.001" classname="cviceni.Ukol2Test"/>
  <testcase name="testBuilder" time="0.000" classname="cviceni.Ukol2Test"/>
  <testcase name="testBuilder" time="0.001" classname="cviceni.Ukol2Test"/>
  <testcase name="testBuilder" time="0.709" classname="cviceni.Ukol2Test"/>
  <testcase name="testBuilder" time="0.000" classname="cviceni.Ukol2Test"/>
  <testcase name="testBuilder" time="0.002" classname="cviceni.Ukol2Test"/>
  <testcase name="testBuilder" time="0.001" classname="cviceni.Ukol2Test"/>
  <testcase name="testBuilder" time="0.001" classname="cviceni.Ukol2Test"/>
  <testcase name="testBuilder" time="0.000" classname="cviceni.Ukol2Test"/>
  <testcase name="testBuilder" time="0.001" classname="cviceni.Ukol2Test"/>
  <testcase name="testBuilder" time="0.001" classname="cviceni.Ukol2Test"/>
  <testcase name="testBuilder" time="0.001" classname="cviceni.Ukol2Test"/>
  <testcase name="testBuilder" time="0.001" classname="cviceni.Ukol2Test"/>
  <testcase name="testBuilder" time="0.001" classname="cviceni.Ukol2Test"/>
  <testcase name="testBuilder" time="0.001" classname="cviceni.Ukol2Test"/>
  <testcase name="testBuilder" time="0.015" classname="cviceni.Ukol2Test"/>
  <testcase name="testBuilder" time="0.009" classname="cviceni.Ukol2Test"/>
  <testcase name="testBuilder" time="0.003" classname="cviceni.Ukol2Test"/>
  <testcase name="testBuilder" time="0.001" classname="cviceni.Ukol2Test"/>
  <testcase name="testBuilder" time="0.009" classname="cviceni.Ukol2Test"/>
  <testcase name="testBuilder" time="0.001" classname="cviceni.Ukol2Test"/>
  <testcase name="testBuilder" time="0.000" classname="cviceni.Ukol2Test"/>
  <testcase name="testBuilder" time="0.001" classname="cviceni.Ukol2Test"/>
  <testcase name="testBuilder" time="0.002" classname="cviceni.Ukol2Test"/>
  <testcase name="testBuilder" time="0.000" classname="cviceni.Ukol2Test"/>
  <testcase name="testBuilder" time="0.001" classname="cviceni.Ukol2Test"/>
  <testcase name="testBuffer" time="0.802" classname="cviceni.Ukol2Test"/>
  <testcase name="testBuilder" time="0.001" classname="cviceni.Ukol2Test"/>
  <testcase name="testBuilder" time="0.001" classname="cviceni.Ukol2Test"/>
  <testcase name="testBuilder" time="0.003" classname="cviceni.Ukol2Test"/>
  <testcase name="testBuilder" time="0.000" classname="cviceni.Ukol2Test"/>
  <testcase name="testBuilder" time="0.000" classname="cviceni.Ukol2Test"/>
  <testcase name="testThreadSafetyBuffer" time="0.001" classname="cviceni.Ukol2Test">
    <error type="java.lang.AssertionError" message="expected [1111111111111111111111111111111111111111111111111111111111111111111111111111111111111111111111111111111111111111111111111111111111111111111111111111111111111111111111111111111111111111111111111111111111111111111111111111111111111111111111111111111111111111111111111111111111111111111111111111111111111111111111111111111111111111111111111111111111111111111111111111111111111111111111111111111111111111111111111111111111111111111111111111111111111111111111111111111111111111111111111111111111111111111111111111111111111111111111111111111111111111111111111111111111111111111111111111111111111111111111111111111111111111111111111111111111111111111111111111111111111111111111111111111111111111111111111111111111111111111111111111111111111111111111111111111111111111111111111111111111111111111111111111111111111111111111111111111111111111111111111111111111111111111111111111111111111111111111111111111111111111111111111111111111111111111111111111111111111111111111111111111111111111111111111111111111111111] but found [1111111111111111111111111111111111111111111111111111111111111111111111111111111111111111111111111111]">
      <![CDATA[java.lang.AssertionError: expected [1111111111111111111111111111111111111111111111111111111111111111111111111111111111111111111111111111111111111111111111111111111111111111111111111111111111111111111111111111111111111111111111111111111111111111111111111111111111111111111111111111111111111111111111111111111111111111111111111111111111111111111111111111111111111111111111111111111111111111111111111111111111111111111111111111111111111111111111111111111111111111111111111111111111111111111111111111111111111111111111111111111111111111111111111111111111111111111111111111111111111111111111111111111111111111111111111111111111111111111111111111111111111111111111111111111111111111111111111111111111111111111111111111111111111111111111111111111111111111111111111111111111111111111111111111111111111111111111111111111111111111111111111111111111111111111111111111111111111111111111111111111111111111111111111111111111111111111111111111111111111111111111111111111111111111111111111111111111111111111111111111111111111111111111111111111111111111] but found [1111111111111111111111111111111111111111111111111111111111111111111111111111111111111111111111111111]
	at org.testng.Assert.fail(Assert.java:94)
	at org.testng.Assert.failNotEquals(Assert.java:494)
	at org.testng.Assert.assertEquals(Assert.java:123)
	at org.testng.Assert.assertEquals(Assert.java:176)
	at org.testng.Assert.assertEquals(Assert.java:186)
	at cviceni.Ukol2Test.testThreadSafetyBuffer(Ukol2Test.java:66)
	at sun.reflect.NativeMethodAccessorImpl.invoke0(Native Method)
	at sun.reflect.NativeMethodAccessorImpl.invoke(Unknown Source)
	at sun.reflect.DelegatingMethodAccessorImpl.invoke(Unknown Source)
	at java.lang.reflect.Method.invoke(Unknown Source)
	at org.testng.internal.MethodInvocationHelper.invokeMethod(MethodInvocationHelper.java:84)
	at org.testng.internal.Invoker.invokeMethod(Invoker.java:714)
	at org.testng.internal.Invoker.invokeTestMethod(Invoker.java:901)
	at org.testng.internal.Invoker.invokeTestMethods(Invoker.java:1231)
	at org.testng.internal.TestMethodWorker.invokeTestMethods(TestMethodWorker.java:127)
	at org.testng.internal.TestMethodWorker.run(TestMethodWorker.java:111)
	at org.testng.TestRunner.privateRun(TestRunner.java:767)
	at org.testng.TestRunner.run(TestRunner.java:617)
	at org.testng.SuiteRunner.runTest(SuiteRunner.java:334)
	at org.testng.SuiteRunner.runSequentially(SuiteRunner.java:329)
	at org.testng.SuiteRunner.privateRun(SuiteRunner.java:291)
	at org.testng.SuiteRunner.run(SuiteRunner.java:240)
	at org.testng.SuiteRunnerWorker.runSuite(SuiteRunnerWorker.java:52)
	at org.testng.SuiteRunnerWorker.run(SuiteRunnerWorker.java:86)
	at org.testng.TestNG.runSuitesSequentially(TestNG.java:1224)
	at org.testng.TestNG.runSuitesLocally(TestNG.java:1149)
	at org.testng.TestNG.run(TestNG.java:1057)
	at org.testng.remote.RemoteTestNG.run(RemoteTestNG.java:111)
	at org.testng.remote.RemoteTestNG.initAndRun(RemoteTestNG.java:204)
	at org.testng.remote.RemoteTestNG.main(RemoteTestNG.java:175)
]]>
    </error>
  </testcase> <!-- testThreadSafetyBuffer -->
  <testcase name="testBuilder" time="0.000" classname="cviceni.Ukol2Test"/>
  <testcase name="testBuilder" time="0.000" classname="cviceni.Ukol2Test"/>
  <testcase name="testBuilder" time="0.001" classname="cviceni.Ukol2Test"/>
  <testcase name="testBuilder" time="0.000" classname="cviceni.Ukol2Test"/>
  <testcase name="testBuilder" time="0.001" classname="cviceni.Ukol2Test"/>
  <testcase name="testBuilder" time="0.000" classname="cviceni.Ukol2Test"/>
  <testcase name="testBuilder" time="0.028" classname="cviceni.Ukol2Test"/>
  <testcase name="testBuilder" time="0.001" classname="cviceni.Ukol2Test"/>
  <testcase name="testBuilder" time="0.003" classname="cviceni.Ukol2Test"/>
  <testcase name="testBuilder" time="0.003" classname="cviceni.Ukol2Test"/>
  <testcase name="testBuilder" time="0.001" classname="cviceni.Ukol2Test"/>
  <testcase name="testBuilder" time="0.001" classname="cviceni.Ukol2Test"/>
  <testcase name="testBuilder" time="0.000" classname="cviceni.Ukol2Test"/>
  <testcase name="testBuilder" time="0.003" classname="cviceni.Ukol2Test"/>
  <testcase name="testBuffer" time="0.002" classname="cviceni.Ukol2Test"/>
  <testcase name="testBuilder" time="0.001" classname="cviceni.Ukol2Test"/>
  <testcase name="testBuilder" time="0.004" classname="cviceni.Ukol2Test"/>
  <testcase name="testBuilder" time="0.006" classname="cviceni.Ukol2Test"/>
  <testcase name="testBuilder" time="0.003" classname="cviceni.Ukol2Test"/>
  <testcase name="testBuilder" time="0.001" classname="cviceni.Ukol2Test"/>
  <testcase name="testBuilder" time="0.001" classname="cviceni.Ukol2Test"/>
  <testcase name="testBuilder" time="0.000" classname="cviceni.Ukol2Test"/>
  <testcase name="testBuilder" time="0.000" classname="cviceni.Ukol2Test"/>
  <testcase name="testBuilder" time="0.001" classname="cviceni.Ukol2Test"/>
  <testcase name="testBuilder" time="0.001" classname="cviceni.Ukol2Test"/>
  <testcase name="testBuilder" time="0.001" classname="cviceni.Ukol2Test"/>
  <testcase name="testBuilder" time="0.134" classname="cviceni.Ukol2Test"/>
  <testcase name="testBuffer" time="1.100" classname="cviceni.Ukol2Test"/>
  <testcase name="testBuilder" time="0.001" classname="cviceni.Ukol2Test"/>
  <testcase name="testBuilder" time="0.001" classname="cviceni.Ukol2Test"/>
  <testcase name="testBuilder" time="0.132" classname="cviceni.Ukol2Test"/>
  <testcase name="testBuilder" time="0.000" classname="cviceni.Ukol2Test"/>
  <testcase name="testBuilder" time="0.003" classname="cviceni.Ukol2Test"/>
  <testcase name="testBuilder" time="0.002" classname="cviceni.Ukol2Test"/>
  <testcase name="testBuilder" time="0.002" classname="cviceni.Ukol2Test"/>
  <testcase name="testBuilder" time="0.001" classname="cviceni.Ukol2Test"/>
  <testcase name="testBuilder" time="0.002" classname="cviceni.Ukol2Test"/>
  <testcase name="testBuilder" time="0.001" classname="cviceni.Ukol2Test"/>
  <testcase name="testBuilder" time="0.001" classname="cviceni.Ukol2Test"/>
  <testcase name="testBuffer" time="0.158" classname="cviceni.Ukol2Test"/>
  <testcase name="testBuilder" time="0.002" classname="cviceni.Ukol2Test"/>
  <testcase name="testBuilder" time="0.003" classname="cviceni.Ukol2Test"/>
  <testcase name="testBuffer" time="0.001" classname="cviceni.Ukol2Test"/>
  <testcase name="testBuilder" time="0.001" classname="cviceni.Ukol2Test"/>
  <testcase name="testBuilder" time="0.000" classname="cviceni.Ukol2Test"/>
  <testcase name="testBuilder" time="0.001" classname="cviceni.Ukol2Test"/>
  <testcase name="testBuilder" time="0.000" classname="cviceni.Ukol2Test"/>
  <testcase name="testBuilder" time="0.001" classname="cviceni.Ukol2Test"/>
  <testcase name="testBuilder" time="0.001" classname="cviceni.Ukol2Test"/>
  <testcase name="testBuilder" time="0.003" classname="cviceni.Ukol2Test"/>
  <testcase name="testBuilder" time="0.000" classname="cviceni.Ukol2Test"/>
  <testcase name="testBuilder" time="0.000" classname="cviceni.Ukol2Test"/>
  <testcase name="testBuilder" time="0.001" classname="cviceni.Ukol2Test"/>
  <testcase name="testBuilder" time="0.000" classname="cviceni.Ukol2Test"/>
  <testcase name="testBuilder" time="0.001" classname="cviceni.Ukol2Test"/>
  <testcase name="testBuilder" time="0.003" classname="cviceni.Ukol2Test"/>
  <testcase name="testBuilder" time="0.001" classname="cviceni.Ukol2Test"/>
  <testcase name="testBuilder" time="0.017" classname="cviceni.Ukol2Test"/>
  <testcase name="testBuilder" time="2.297" classname="cviceni.Ukol2Test"/>
  <testcase name="testBuilder" time="0.001" classname="cviceni.Ukol2Test"/>
  <testcase name="testBuilder" time="0.001" classname="cviceni.Ukol2Test"/>
  <testcase name="testBuilder" time="0.003" classname="cviceni.Ukol2Test"/>
  <testcase name="testBuilder" time="0.001" classname="cviceni.Ukol2Test"/>
  <testcase name="testBuilder" time="0.001" classname="cviceni.Ukol2Test"/>
  <testcase name="testBuilder" time="0.001" classname="cviceni.Ukol2Test"/>
  <testcase name="testBuilder" time="0.000" classname="cviceni.Ukol2Test"/>
  <testcase name="testBuilder" time="0.002" classname="cviceni.Ukol2Test"/>
  <testcase name="testBuilder" time="0.000" classname="cviceni.Ukol2Test"/>
  <testcase name="testBuilder" time="0.002" classname="cviceni.Ukol2Test"/>
  <testcase name="testBuffer" time="0.002" classname="cviceni.Ukol2Test"/>
  <testcase name="testBuilder" time="0.001" classname="cviceni.Ukol2Test"/>
  <testcase name="testBuffer" time="0.001" classname="cviceni.Ukol2Test"/>
  <testcase name="testBuilder" time="0.000" classname="cviceni.Ukol2Test"/>
  <testcase name="testBuilder" time="0.002" classname="cviceni.Ukol2Test"/>
  <testcase name="testBuilder" time="0.001" classname="cviceni.Ukol2Test"/>
  <testcase name="testBuilder" time="0.002" classname="cviceni.Ukol2Test"/>
  <testcase name="testBuilder" time="0.001" classname="cviceni.Ukol2Test"/>
  <testcase name="testBuilder" time="0.000" classname="cviceni.Ukol2Test"/>
  <testcase name="testBuilder" time="0.000" classname="cviceni.Ukol2Test"/>
  <testcase name="testBuilder" time="0.000" classname="cviceni.Ukol2Test"/>
  <testcase name="testBuilder" time="0.001" classname="cviceni.Ukol2Test"/>
  <testcase name="testBuilder" time="0.000" classname="cviceni.Ukol2Test"/>
  <testcase name="testBuilder" time="0.001" classname="cviceni.Ukol2Test"/>
  <testcase name="testBuilder" time="0.001" classname="cviceni.Ukol2Test"/>
  <testcase name="testBuilder" time="0.000" classname="cviceni.Ukol2Test"/>
  <testcase name="testBuilder" time="0.000" classname="cviceni.Ukol2Test"/>
  <testcase name="testBuilder" time="0.001" classname="cviceni.Ukol2Test"/>
  <testcase name="testBuilder" time="0.001" classname="cviceni.Ukol2Test"/>
  <testcase name="testBuilder" time="0.003" classname="cviceni.Ukol2Test"/>
  <testcase name="testBuilder" time="0.002" classname="cviceni.Ukol2Test"/>
  <testcase name="testBuilder" time="0.002" classname="cviceni.Ukol2Test"/>
  <testcase name="testBuilder" time="0.026" classname="cviceni.Ukol2Test"/>
  <testcase name="testBuilder" time="0.000" classname="cviceni.Ukol2Test"/>
  <testcase name="testBuilder" time="0.000" classname="cviceni.Ukol2Test"/>
  <testcase name="testBuffer" time="0.006" classname="cviceni.Ukol2Test"/>
  <testcase name="testBuilder" time="0.001" classname="cviceni.Ukol2Test"/>
  <testcase name="testBuilder" time="0.001" classname="cviceni.Ukol2Test"/>
  <testcase name="testBuilder" time="0.003" classname="cviceni.Ukol2Test"/>
  <testcase name="testBuilder" time="0.006" classname="cviceni.Ukol2Test"/>
  <testcase name="testBuffer" time="0.001" classname="cviceni.Ukol2Test"/>
  <testcase name="testBuilder" time="0.000" classname="cviceni.Ukol2Test"/>
  <testcase name="testBuilder" time="0.000" classname="cviceni.Ukol2Test"/>
  <testcase name="testBuilder" time="0.000" classname="cviceni.Ukol2Test"/>
  <testcase name="testBuilder" time="0.000" classname="cviceni.Ukol2Test"/>
  <testcase name="testBuilder" time="0.010" classname="cviceni.Ukol2Test"/>
  <testcase name="testBuffer" time="0.001" classname="cviceni.Ukol2Test"/>
  <testcase name="testBuilder" time="0.001" classname="cviceni.Ukol2Test"/>
  <testcase name="testBuilder" time="0.000" classname="cviceni.Ukol2Test"/>
  <testcase name="testBuffer" time="0.002" classname="cviceni.Ukol2Test"/>
  <testcase name="testBuffer" time="0.001" classname="cviceni.Ukol2Test"/>
  <testcase name="testBuilder" time="0.001" classname="cviceni.Ukol2Test"/>
  <testcase name="testBuilder" time="0.052" classname="cviceni.Ukol2Test"/>
  <testcase name="testBuilder" time="0.004" classname="cviceni.Ukol2Test"/>
  <testcase name="testBuilder" time="0.001" classname="cviceni.Ukol2Test"/>
  <testcase name="testBuilder" time="0.000" classname="cviceni.Ukol2Test"/>
  <testcase name="testBuilder" time="0.001" classname="cviceni.Ukol2Test"/>
  <testcase name="testBuilder" time="0.000" classname="cviceni.Ukol2Test"/>
  <testcase name="testBuilder" time="0.001" classname="cviceni.Ukol2Test"/>
  <testcase name="testBuilder" time="0.003" classname="cviceni.Ukol2Test"/>
  <testcase name="testBuilder" time="0.001" classname="cviceni.Ukol2Test"/>
  <testcase name="testBuilder" time="0.053" classname="cviceni.Ukol2Test"/>
  <testcase name="testBuilder" time="0.001" classname="cviceni.Ukol2Test"/>
  <testcase name="testBuilder" time="0.001" classname="cviceni.Ukol2Test"/>
  <testcase name="testBuilder" time="0.000" classname="cviceni.Ukol2Test"/>
  <testcase name="testBuilder" time="0.001" classname="cviceni.Ukol2Test"/>
  <testcase name="testBuilder" time="0.001" classname="cviceni.Ukol2Test"/>
  <testcase name="testBuilder" time="0.000" classname="cviceni.Ukol2Test"/>
  <testcase name="testBuilder" time="0.000" classname="cviceni.Ukol2Test"/>
  <testcase name="testBuilder" time="0.000" classname="cviceni.Ukol2Test"/>
  <testcase name="testBuilder" time="0.001" classname="cviceni.Ukol2Test"/>
  <testcase name="testBuilder" time="0.000" classname="cviceni.Ukol2Test"/>
  <testcase name="testBuilder" time="0.001" classname="cviceni.Ukol2Test"/>
  <testcase name="testBuilder" time="0.001" classname="cviceni.Ukol2Test"/>
  <testcase name="testBuilder" time="0.435" classname="cviceni.Ukol2Test"/>
  <testcase name="testBuilder" time="0.001" classname="cviceni.Ukol2Test"/>
  <testcase name="testBuffer" time="0.006" classname="cviceni.Ukol2Test"/>
  <testcase name="testBuilder" time="0.003" classname="cviceni.Ukol2Test"/>
  <testcase name="testBuilder" time="0.001" classname="cviceni.Ukol2Test"/>
  <testcase name="testBuilder" time="0.000" classname="cviceni.Ukol2Test"/>
  <testcase name="testBuilder" time="0.054" classname="cviceni.Ukol2Test"/>
  <testcase name="testBuilder" time="0.001" classname="cviceni.Ukol2Test"/>
  <testcase name="testBuilder" time="0.000" classname="cviceni.Ukol2Test"/>
  <testcase name="testBuilder" time="0.003" classname="cviceni.Ukol2Test"/>
  <testcase name="testBuilder" time="0.002" classname="cviceni.Ukol2Test"/>
  <testcase name="testBuilder" time="0.013" classname="cviceni.Ukol2Test"/>
  <testcase name="testBuilder" time="0.001" classname="cviceni.Ukol2Test"/>
  <testcase name="testBuilder" time="0.001" classname="cviceni.Ukol2Test"/>
  <testcase name="testBuffer" time="0.657" classname="cviceni.Ukol2Test"/>
  <testcase name="testBuilder" time="0.001" classname="cviceni.Ukol2Test"/>
  <testcase name="testBuilder" time="0.001" classname="cviceni.Ukol2Test"/>
  <testcase name="testBuilder" time="0.000" classname="cviceni.Ukol2Test"/>
  <testcase name="testBuilder" time="0.003" classname="cviceni.Ukol2Test"/>
  <testcase name="testBuilder" time="0.001" classname="cviceni.Ukol2Test"/>
  <testcase name="testBuilder" time="0.001" classname="cviceni.Ukol2Test"/>
  <testcase name="testBuilder" time="0.001" classname="cviceni.Ukol2Test"/>
  <testcase name="testBuilder" time="0.020" classname="cviceni.Ukol2Test"/>
  <testcase name="testBuilder" time="0.002" classname="cviceni.Ukol2Test"/>
  <testcase name="testBuilder" time="0.002" classname="cviceni.Ukol2Test"/>
  <testcase name="testBuilder" time="0.000" classname="cviceni.Ukol2Test"/>
  <testcase name="testBuilder" time="0.002" classname="cviceni.Ukol2Test"/>
  <testcase name="testBuilder" time="0.001" classname="cviceni.Ukol2Test"/>
  <testcase name="testBuilder" time="5.021" classname="cviceni.Ukol2Test"/>
  <testcase name="testBuilder" time="0.382" classname="cviceni.Ukol2Test"/>
  <testcase name="testBuilder" time="0.001" classname="cviceni.Ukol2Test"/>
  <testcase name="testBuilder" time="0.001" classname="cviceni.Ukol2Test"/>
  <testcase name="testBuilder" time="0.000" classname="cviceni.Ukol2Test"/>
  <testcase name="testBuffer" time="0.008" classname="cviceni.Ukol2Test"/>
  <testcase name="testBuilder" time="0.003" classname="cviceni.Ukol2Test"/>
  <testcase name="testBuilder" time="0.002" classname="cviceni.Ukol2Test"/>
  <testcase name="testBuilder" time="0.001" classname="cviceni.Ukol2Test"/>
  <testcase name="testBuilder" time="0.001" classname="cviceni.Ukol2Test"/>
  <testcase name="testBuilder" time="0.001" classname="cviceni.Ukol2Test"/>
  <testcase name="testBuffer" time="0.001" classname="cviceni.Ukol2Test"/>
  <testcase name="testBuilder" time="0.001" classname="cviceni.Ukol2Test"/>
  <testcase name="testBuilder" time="0.000" classname="cviceni.Ukol2Test"/>
  <testcase name="testBuilder" time="0.000" classname="cviceni.Ukol2Test"/>
  <testcase name="testBuilder" time="0.001" classname="cviceni.Ukol2Test"/>
  <testcase name="testBuilder" time="0.001" classname="cviceni.Ukol2Test"/>
  <testcase name="testBuilder" time="0.001" classname="cviceni.Ukol2Test"/>
  <testcase name="testBuffer" time="0.003" classname="cviceni.Ukol2Test"/>
  <testcase name="testBuilder" time="0.002" classname="cviceni.Ukol2Test"/>
  <testcase name="testBuilder" time="0.000" classname="cviceni.Ukol2Test"/>
  <testcase name="testBuilder" time="0.003" classname="cviceni.Ukol2Test"/>
  <testcase name="testBuilder" time="0.000" classname="cviceni.Ukol2Test"/>
  <testcase name="testBuilder" time="0.001" classname="cviceni.Ukol2Test"/>
  <testcase name="testBuilder" time="0.000" classname="cviceni.Ukol2Test"/>
  <testcase name="testBuilder" time="0.001" classname="cviceni.Ukol2Test"/>
  <testcase name="testThreadSafetyBuilder" time="0.012" classname="cviceni.Ukol2Test"/>
  <testcase name="testBuilder" time="0.001" classname="cviceni.Ukol2Test"/>
  <testcase name="testBuilder" time="0.002" classname="cviceni.Ukol2Test"/>
  <testcase name="testBuilder" time="0.001" classname="cviceni.Ukol2Test"/>
  <testcase name="testKrat" time="0.001" classname="cviceni.Ukol2Test"/>
  <testcase name="testBuilder" time="0.001" classname="cviceni.Ukol2Test"/>
  <testcase name="testBuilder" time="0.004" classname="cviceni.Ukol2Test"/>
  <testcase name="testBuilder" time="0.001" classname="cviceni.Ukol2Test"/>
  <testcase name="testBuilder" time="0.001" classname="cviceni.Ukol2Test"/>
  <testcase name="testBuilder" time="0.000" classname="cviceni.Ukol2Test"/>
  <testcase name="testBuilder" time="0.001" classname="cviceni.Ukol2Test"/>
  <testcase name="testBuffer" time="0.002" classname="cviceni.Ukol2Test"/>
  <testcase name="testBuffer" time="0.012" classname="cviceni.Ukol2Test"/>
  <testcase name="testBuilder" time="0.000" classname="cviceni.Ukol2Test"/>
  <testcase name="testBuilder" time="0.001" classname="cviceni.Ukol2Test"/>
  <testcase name="testBuilder" time="0.000" classname="cviceni.Ukol2Test"/>
  <testcase name="testBuilder" time="0.001" classname="cviceni.Ukol2Test"/>
  <testcase name="testBuilder" time="0.001" classname="cviceni.Ukol2Test"/>
  <testcase name="testBuilder" time="0.401" classname="cviceni.Ukol2Test"/>
  <testcase name="testBuilder" time="0.000" classname="cviceni.Ukol2Test"/>
  <testcase name="testBuilder" time="0.001" classname="cviceni.Ukol2Test"/>
  <testcase name="testBuilder" time="0.001" classname="cviceni.Ukol2Test"/>
  <testcase name="testBuilder" time="0.001" classname="cviceni.Ukol2Test"/>
  <testcase name="testBuilder" time="0.001" classname="cviceni.Ukol2Test"/>
  <testcase name="testBuilder" time="0.002" classname="cviceni.Ukol2Test"/>
  <testcase name="testBuilder" time="0.000" classname="cviceni.Ukol2Test"/>
  <testcase name="testBuilder" time="0.001" classname="cviceni.Ukol2Test"/>
  <testcase name="testBuilder" time="0.005" classname="cviceni.Ukol2Test"/>
  <testcase name="testBuilder" time="0.000" classname="cviceni.Ukol2Test"/>
  <testcase name="testBuilder" time="0.001" classname="cviceni.Ukol2Test"/>
  <testcase name="testBuilder" time="0.000" classname="cviceni.Ukol2Test"/>
  <testcase name="testBuilder" time="0.001" classname="cviceni.Ukol2Test"/>
  <testcase name="testBuilder" time="0.002" classname="cviceni.Ukol2Test"/>
  <testcase name="testBuilder" time="0.000" classname="cviceni.Ukol2Test"/>
  <testcase name="testBuilder" time="0.009" classname="cviceni.Ukol2Test"/>
  <testcase name="testBuilder" time="0.001" classname="cviceni.Ukol2Test"/>
  <testcase name="testBuilder" time="0.001" classname="cviceni.Ukol2Test"/>
  <testcase name="testBuilder" time="0.000" classname="cviceni.Ukol2Test"/>
  <testcase name="testBuilder" time="0.001" classname="cviceni.Ukol2Test"/>
  <testcase name="testBuilder" time="0.001" classname="cviceni.Ukol2Test"/>
  <testcase name="testBuilder" time="0.000" classname="cviceni.Ukol2Test"/>
  <testcase name="testBuilder" time="0.002" classname="cviceni.Ukol2Test"/>
  <testcase name="testBuilder" time="0.001" classname="cviceni.Ukol2Test"/>
  <testcase name="testBuilder" time="0.002" classname="cviceni.Ukol2Test"/>
  <testcase name="testBuilder" time="0.000" classname="cviceni.Ukol2Test"/>
  <testcase name="testBuilder" time="0.005" classname="cviceni.Ukol2Test"/>
  <testcase name="testBuilder" time="0.000" classname="cviceni.Ukol2Test"/>
  <testcase name="testBuilder" time="0.000" classname="cviceni.Ukol2Test"/>
  <testcase name="testBuilder" time="0.000" classname="cviceni.Ukol2Test"/>
  <testcase name="testBuilder" time="0.073" classname="cviceni.Ukol2Test"/>
  <testcase name="testBuilder" time="0.000" classname="cviceni.Ukol2Test"/>
  <testcase name="testBuilder" time="2.508" classname="cviceni.Ukol2Test"/>
  <testcase name="testBuilder" time="0.001" classname="cviceni.Ukol2Test"/>
  <testcase name="testBuilder" time="0.002" classname="cviceni.Ukol2Test"/>
  <testcase name="testBuilder" time="0.000" classname="cviceni.Ukol2Test"/>
  <testcase name="testBuffer" time="0.002" classname="cviceni.Ukol2Test"/>
  <testcase name="testBuilder" time="0.002" classname="cviceni.Ukol2Test"/>
  <testcase name="testBuilder" time="0.001" classname="cviceni.Ukol2Test"/>
  <testcase name="testBuilder" time="0.001" classname="cviceni.Ukol2Test"/>
  <testcase name="testBuilder" time="0.001" classname="cviceni.Ukol2Test"/>
  <testcase name="testBuilder" time="0.000" classname="cviceni.Ukol2Test"/>
  <testcase name="testBuilder" time="0.001" classname="cviceni.Ukol2Test"/>
  <testcase name="testBuilder" time="0.001" classname="cviceni.Ukol2Test"/>
  <testcase name="testKrat" time="0.008" classname="cviceni.Ukol2Test">
    <error type="java.lang.AssertionError" message="expected [1] but found [0]">
      <![CDATA[java.lang.AssertionError: expected [1] but found [0]
	at org.testng.Assert.fail(Assert.java:94)
	at org.testng.Assert.failNotEquals(Assert.java:494)
	at org.testng.Assert.assertEquals(Assert.java:123)
	at org.testng.Assert.assertEquals(Assert.java:370)
	at org.testng.Assert.assertEquals(Assert.java:380)
	at cviceni.Ukol2Test.testKrat(Ukol2Test.java:10)
	at sun.reflect.NativeMethodAccessorImpl.invoke0(Native Method)
	at sun.reflect.NativeMethodAccessorImpl.invoke(Unknown Source)
	at sun.reflect.DelegatingMethodAccessorImpl.invoke(Unknown Source)
	at java.lang.reflect.Method.invoke(Unknown Source)
	at org.testng.internal.MethodInvocationHelper.invokeMethod(MethodInvocationHelper.java:84)
	at org.testng.internal.Invoker.invokeMethod(Invoker.java:714)
	at org.testng.internal.Invoker.invokeTestMethod(Invoker.java:901)
	at org.testng.internal.Invoker.invokeTestMethods(Invoker.java:1231)
	at org.testng.internal.TestMethodWorker.invokeTestMethods(TestMethodWorker.java:127)
	at org.testng.internal.TestMethodWorker.run(TestMethodWorker.java:111)
	at org.testng.TestRunner.privateRun(TestRunner.java:767)
	at org.testng.TestRunner.run(TestRunner.java:617)
	at org.testng.SuiteRunner.runTest(SuiteRunner.java:334)
	at org.testng.SuiteRunner.runSequentially(SuiteRunner.java:329)
	at org.testng.SuiteRunner.privateRun(SuiteRunner.java:291)
	at org.testng.SuiteRunner.run(SuiteRunner.java:240)
	at org.testng.SuiteRunnerWorker.runSuite(SuiteRunnerWorker.java:52)
	at org.testng.SuiteRunnerWorker.run(SuiteRunnerWorker.java:86)
	at org.testng.TestNG.runSuitesSequentially(TestNG.java:1224)
	at org.testng.TestNG.runSuitesLocally(TestNG.java:1149)
	at org.testng.TestNG.run(TestNG.java:1057)
	at org.testng.remote.RemoteTestNG.run(RemoteTestNG.java:111)
	at org.testng.remote.RemoteTestNG.initAndRun(RemoteTestNG.java:204)
	at org.testng.remote.RemoteTestNG.main(RemoteTestNG.java:175)
]]>
    </error>
  </testcase> <!-- testKrat -->
  <testcase name="testBuilder" time="0.002" classname="cviceni.Ukol2Test"/>
  <testcase name="testBuilder" time="0.001" classname="cviceni.Ukol2Test"/>
  <testcase name="testBuilder" time="0.001" classname="cviceni.Ukol2Test"/>
  <testcase name="testBuilder" time="0.001" classname="cviceni.Ukol2Test"/>
  <testcase name="testBuilder" time="0.000" classname="cviceni.Ukol2Test"/>
  <testcase name="testBuilder" time="0.001" classname="cviceni.Ukol2Test"/>
  <testcase name="testBuilder" time="0.001" classname="cviceni.Ukol2Test"/>
  <testcase name="testBuilder" time="0.000" classname="cviceni.Ukol2Test"/>
  <testcase name="testBuilder" time="0.001" classname="cviceni.Ukol2Test"/>
  <testcase name="testBuilder" time="0.001" classname="cviceni.Ukol2Test"/>
  <testcase name="testBuilder" time="0.002" classname="cviceni.Ukol2Test"/>
  <testcase name="testBuilder" time="0.001" classname="cviceni.Ukol2Test"/>
  <testcase name="testBuilder" time="0.000" classname="cviceni.Ukol2Test"/>
  <testcase name="testBuilder" time="0.003" classname="cviceni.Ukol2Test"/>
  <testcase name="testBuilder" time="0.000" classname="cviceni.Ukol2Test"/>
  <testcase name="testBuilder" time="0.000" classname="cviceni.Ukol2Test"/>
  <testcase name="testBuilder" time="0.001" classname="cviceni.Ukol2Test"/>
  <testcase name="testBuilder" time="0.001" classname="cviceni.Ukol2Test"/>
  <testcase name="testBuffer" time="0.002" classname="cviceni.Ukol2Test"/>
  <testcase name="testBuilder" time="0.001" classname="cviceni.Ukol2Test"/>
  <testcase name="testBuilder" time="0.001" classname="cviceni.Ukol2Test"/>
  <testcase name="testBuilder" time="0.001" classname="cviceni.Ukol2Test"/>
  <testcase name="testBuilder" time="0.000" classname="cviceni.Ukol2Test"/>
  <testcase name="testBuilder" time="0.002" classname="cviceni.Ukol2Test"/>
  <testcase name="testBuilder" time="0.000" classname="cviceni.Ukol2Test"/>
  <testcase name="testBuilder" time="0.001" classname="cviceni.Ukol2Test"/>
  <testcase name="testBuilder" time="0.008" classname="cviceni.Ukol2Test"/>
  <testcase name="testBuilder" time="0.002" classname="cviceni.Ukol2Test"/>
  <testcase name="testBuilder" time="0.001" classname="cviceni.Ukol2Test"/>
  <testcase name="testBuilder" time="0.001" classname="cviceni.Ukol2Test"/>
  <testcase name="testBuilder" time="0.001" classname="cviceni.Ukol2Test"/>
  <testcase name="testBuilder" time="0.001" classname="cviceni.Ukol2Test"/>
  <testcase name="testBuilder" time="0.002" classname="cviceni.Ukol2Test"/>
  <testcase name="testBuffer" time="0.835" classname="cviceni.Ukol2Test"/>
</testsuite> <!-- cviceni.Ukol2Test -->
