<?xml version="1.0" encoding="UTF-8"?>
<!-- Generated by org.testng.reporters.JUnitReportReporter -->
<testsuite hostname="Acer-PC" name="cviceni.Ukol1Test" tests="2" failures="0" timestamp="9 Dec 2014 16:21:21 GMT" time="0.255" errors="0">
  <testcase name="testFaktorial1" time="0.036" classname="cviceni.Ukol1Test"/>
  <testcase name="testFaktorial2" time="0.219" classname="cviceni.Ukol1Test"/>
</testsuite> <!-- cviceni.Ukol1Test -->
